2016-07-19 11:01:45,170 [Worker-4] INFO  o.e.m.c.i.e.AbstractTransferListenerAdapter - Downloaded http://repo.spring.io/snapshot/org/apache/maven/plugins/maven-surefire-plugin/2.18.1/maven-surefire-plugin-2.18.1.jar
2016-07-19 11:01:45,400 [Worker-4] INFO  o.e.m.c.i.e.AbstractTransferListenerAdapter - Downloaded http://repo.spring.io/milestone/org/apache/maven/plugins/maven-surefire-plugin/2.18.1/maven-surefire-plugin-2.18.1.jar
2016-07-19 11:01:45,576 [Worker-4] INFO  o.e.m.c.i.e.AbstractTransferListenerAdapter - Downloading https://repo.maven.apache.org/maven2/org/apache/maven/plugins/maven-surefire-plugin/2.18.1/maven-surefire-plugin-2.18.1.jar
2016-07-19 11:01:45,675 [Worker-4] INFO  o.e.m.c.i.e.AbstractTransferListenerAdapter - Downloaded https://repo.maven.apache.org/maven2/org/apache/maven/plugins/maven-surefire-plugin/2.18.1/maven-surefire-plugin-2.18.1.jar
2016-07-19 11:01:46,053 [Worker-4] INFO  o.e.m.c.i.e.AbstractTransferListenerAdapter - Downloaded http://repo.spring.io/snapshot/org/apache/maven/plugins/maven-jar-plugin/2.5/maven-jar-plugin-2.5.jar
2016-07-19 11:01:46,259 [Worker-4] INFO  o.e.m.c.i.e.AbstractTransferListenerAdapter - Downloaded http://repo.spring.io/milestone/org/apache/maven/plugins/maven-jar-plugin/2.5/maven-jar-plugin-2.5.jar
2016-07-19 11:01:46,281 [Worker-4] INFO  o.e.m.c.i.e.AbstractTransferListenerAdapter - Downloading https://repo.maven.apache.org/maven2/org/apache/maven/plugins/maven-jar-plugin/2.5/maven-jar-plugin-2.5.jar
2016-07-19 11:01:46,330 [Worker-4] INFO  o.e.m.c.i.e.AbstractTransferListenerAdapter - Downloaded https://repo.maven.apache.org/maven2/org/apache/maven/plugins/maven-jar-plugin/2.5/maven-jar-plugin-2.5.jar
2016-07-19 11:01:46,649 [Worker-4] INFO  o.e.m.c.i.e.AbstractTransferListenerAdapter - Downloaded http://repo.spring.io/snapshot/org/apache/maven/plugins/maven-install-plugin/2.5.2/maven-install-plugin-2.5.2.jar
2016-07-19 11:01:46,848 [Worker-4] INFO  o.e.m.c.i.e.AbstractTransferListenerAdapter - Downloaded http://repo.spring.io/milestone/org/apache/maven/plugins/maven-install-plugin/2.5.2/maven-install-plugin-2.5.2.jar
2016-07-19 11:01:46,868 [Worker-4] INFO  o.e.m.c.i.e.AbstractTransferListenerAdapter - Downloading https://repo.maven.apache.org/maven2/org/apache/maven/plugins/maven-install-plugin/2.5.2/maven-install-plugin-2.5.2.jar
2016-07-19 11:01:46,923 [Worker-4] INFO  o.e.m.c.i.e.AbstractTransferListenerAdapter - Downloaded https://repo.maven.apache.org/maven2/org/apache/maven/plugins/maven-install-plugin/2.5.2/maven-install-plugin-2.5.2.jar
2016-07-19 11:01:47,243 [Worker-4] INFO  o.e.m.c.i.e.AbstractTransferListenerAdapter - Downloaded http://repo.spring.io/snapshot/org/apache/maven/plugins/maven-site-plugin/3.4/maven-site-plugin-3.4.jar
2016-07-19 11:01:47,452 [Worker-4] INFO  o.e.m.c.i.e.AbstractTransferListenerAdapter - Downloaded http://repo.spring.io/milestone/org/apache/maven/plugins/maven-site-plugin/3.4/maven-site-plugin-3.4.jar
2016-07-19 11:01:47,474 [Worker-4] INFO  o.e.m.c.i.e.AbstractTransferListenerAdapter - Downloading https://repo.maven.apache.org/maven2/org/apache/maven/plugins/maven-site-plugin/3.4/maven-site-plugin-3.4.jar
2016-07-19 11:01:47,603 [Worker-4] INFO  o.e.m.c.i.e.AbstractTransferListenerAdapter - Downloaded https://repo.maven.apache.org/maven2/org/apache/maven/plugins/maven-site-plugin/3.4/maven-site-plugin-3.4.jar
2016-07-19 11:01:49,679 [Worker-4] INFO  o.e.m.c.i.l.LifecycleMappingFactory - Using org.eclipse.m2e.jdt.JarLifecycleMapping lifecycle mapping for MavenProject: uk.os.skoolvote:collator:1.0-SNAPSHOT @ C:\Users\tbinks\microservices2016HackDay\workspace\collator\pom.xml.
2016-07-19 11:01:50,622 [Worker-4] INFO  o.e.m.c.i.e.AbstractTransferListenerAdapter - Downloaded http://repo.spring.io/snapshot/org/apache/maven/plugins/maven-surefire-plugin/2.18.1/maven-surefire-plugin-2.18.1.pom
2016-07-19 11:01:50,859 [Worker-4] INFO  o.e.m.c.i.e.AbstractTransferListenerAdapter - Downloaded http://repo.spring.io/milestone/org/apache/maven/plugins/maven-surefire-plugin/2.18.1/maven-surefire-plugin-2.18.1.pom
2016-07-19 11:01:50,876 [Worker-4] INFO  o.e.m.c.i.e.AbstractTransferListenerAdapter - Downloading https://repo.maven.apache.org/maven2/org/apache/maven/plugins/maven-surefire-plugin/2.18.1/maven-surefire-plugin-2.18.1.pom
2016-07-19 11:01:50,899 [Worker-4] INFO  o.e.m.c.i.e.AbstractTransferListenerAdapter - Downloaded https://repo.maven.apache.org/maven2/org/apache/maven/plugins/maven-surefire-plugin/2.18.1/maven-surefire-plugin-2.18.1.pom
2016-07-19 11:01:51,109 [Worker-4] INFO  o.e.m.c.i.e.AbstractTransferListenerAdapter - Downloaded http://repo.spring.io/snapshot/org/apache/maven/surefire/surefire/2.18.1/surefire-2.18.1.pom
2016-07-19 11:01:51,305 [Worker-4] INFO  o.e.m.c.i.e.AbstractTransferListenerAdapter - Downloaded http://repo.spring.io/milestone/org/apache/maven/surefire/surefire/2.18.1/surefire-2.18.1.pom
2016-07-19 11:01:51,324 [Worker-4] INFO  o.e.m.c.i.e.AbstractTransferListenerAdapter - Downloading https://repo.maven.apache.org/maven2/org/apache/maven/surefire/surefire/2.18.1/surefire-2.18.1.pom
2016-07-19 11:01:51,352 [Worker-4] INFO  o.e.m.c.i.e.AbstractTransferListenerAdapter - Downloaded https://repo.maven.apache.org/maven2/org/apache/maven/surefire/surefire/2.18.1/surefire-2.18.1.pom
2016-07-19 11:01:51,598 [Worker-4] INFO  o.e.m.c.i.e.AbstractTransferListenerAdapter - Downloaded http://repo.spring.io/snapshot/org/apache/maven/plugins/maven-jar-plugin/2.5/maven-jar-plugin-2.5.pom
2016-07-19 11:01:51,821 [Worker-4] INFO  o.e.m.c.i.e.AbstractTransferListenerAdapter - Downloaded http://repo.spring.io/milestone/org/apache/maven/plugins/maven-jar-plugin/2.5/maven-jar-plugin-2.5.pom
2016-07-19 11:01:51,848 [Worker-4] INFO  o.e.m.c.i.e.AbstractTransferListenerAdapter - Downloading https://repo.maven.apache.org/maven2/org/apache/maven/plugins/maven-jar-plugin/2.5/maven-jar-plugin-2.5.pom
2016-07-19 11:01:51,878 [Worker-4] INFO  o.e.m.c.i.e.AbstractTransferListenerAdapter - Downloaded https://repo.maven.apache.org/maven2/org/apache/maven/plugins/maven-jar-plugin/2.5/maven-jar-plugin-2.5.pom
2016-07-19 11:01:52,750 [Worker-4] INFO  o.e.m.c.i.e.AbstractTransferListenerAdapter - Downloaded http://repo.spring.io/snapshot/org/codehaus/plexus/plexus-utils/3.0.15/plexus-utils-3.0.15.pom
2016-07-19 11:01:52,958 [Worker-4] INFO  o.e.m.c.i.e.AbstractTransferListenerAdapter - Downloaded http://repo.spring.io/milestone/org/codehaus/plexus/plexus-utils/3.0.15/plexus-utils-3.0.15.pom
2016-07-19 11:01:52,984 [Worker-4] INFO  o.e.m.c.i.e.AbstractTransferListenerAdapter - Downloading https://repo.maven.apache.org/maven2/org/codehaus/plexus/plexus-utils/3.0.15/plexus-utils-3.0.15.pom
2016-07-19 11:01:53,008 [Worker-4] INFO  o.e.m.c.i.e.AbstractTransferListenerAdapter - Downloaded https://repo.maven.apache.org/maven2/org/codehaus/plexus/plexus-utils/3.0.15/plexus-utils-3.0.15.pom
2016-07-19 11:01:53,238 [Worker-4] INFO  o.e.m.c.i.e.AbstractTransferListenerAdapter - Downloaded http://repo.spring.io/snapshot/org/codehaus/plexus/plexus-archiver/2.4.4/plexus-archiver-2.4.4.pom
2016-07-19 11:01:53,463 [Worker-4] INFO  o.e.m.c.i.e.AbstractTransferListenerAdapter - Downloaded http://repo.spring.io/milestone/org/codehaus/plexus/plexus-archiver/2.4.4/plexus-archiver-2.4.4.pom
2016-07-19 11:01:53,484 [Worker-4] INFO  o.e.m.c.i.e.AbstractTransferListenerAdapter - Downloading https://repo.maven.apache.org/maven2/org/codehaus/plexus/plexus-archiver/2.4.4/plexus-archiver-2.4.4.pom
2016-07-19 11:01:53,506 [Worker-4] INFO  o.e.m.c.i.e.AbstractTransferListenerAdapter - Downloaded https://repo.maven.apache.org/maven2/org/codehaus/plexus/plexus-archiver/2.4.4/plexus-archiver-2.4.4.pom
2016-07-19 11:01:53,731 [Worker-4] INFO  o.e.m.c.i.e.AbstractTransferListenerAdapter - Downloaded http://repo.spring.io/snapshot/org/codehaus/plexus/plexus-io/2.0.10/plexus-io-2.0.10.pom
2016-07-19 11:01:53,941 [Worker-4] INFO  o.e.m.c.i.e.AbstractTransferListenerAdapter - Downloaded http://repo.spring.io/milestone/org/codehaus/plexus/plexus-io/2.0.10/plexus-io-2.0.10.pom
2016-07-19 11:01:53,966 [Worker-4] INFO  o.e.m.c.i.e.AbstractTransferListenerAdapter - Downloading https://repo.maven.apache.org/maven2/org/codehaus/plexus/plexus-io/2.0.10/plexus-io-2.0.10.pom
2016-07-19 11:01:53,988 [Worker-4] INFO  o.e.m.c.i.e.AbstractTransferListenerAdapter - Downloaded https://repo.maven.apache.org/maven2/org/codehaus/plexus/plexus-io/2.0.10/plexus-io-2.0.10.pom
2016-07-19 11:01:54,250 [Worker-4] INFO  o.e.m.c.i.e.AbstractTransferListenerAdapter - Downloaded http://repo.spring.io/snapshot/org/apache/commons/commons-compress/1.5/commons-compress-1.5.pom
2016-07-19 11:01:54,453 [Worker-4] INFO  o.e.m.c.i.e.AbstractTransferListenerAdapter - Downloaded http://repo.spring.io/milestone/org/apache/commons/commons-compress/1.5/commons-compress-1.5.pom
2016-07-19 11:01:54,470 [Worker-4] INFO  o.e.m.c.i.e.AbstractTransferListenerAdapter - Downloading https://repo.maven.apache.org/maven2/org/apache/commons/commons-compress/1.5/commons-compress-1.5.pom
2016-07-19 11:01:54,495 [Worker-4] INFO  o.e.m.c.i.e.AbstractTransferListenerAdapter - Downloaded https://repo.maven.apache.org/maven2/org/apache/commons/commons-compress/1.5/commons-compress-1.5.pom
2016-07-19 11:01:54,710 [Worker-4] INFO  o.e.m.c.i.e.AbstractTransferListenerAdapter - Downloaded http://repo.spring.io/snapshot/org/apache/commons/commons-parent/28/commons-parent-28.pom
2016-07-19 11:01:54,811 [Worker-4] INFO  o.e.m.c.i.e.AbstractTransferListenerAdapter - Downloaded http://repo.spring.io/milestone/org/apache/commons/commons-parent/28/commons-parent-28.pom
2016-07-19 11:01:54,942 [Worker-4] INFO  o.e.m.c.i.e.AbstractTransferListenerAdapter - Downloaded http://repo.spring.io/snapshot/org/tukaani/xz/1.2/xz-1.2.pom
2016-07-19 11:01:55,147 [Worker-4] INFO  o.e.m.c.i.e.AbstractTransferListenerAdapter - Downloaded http://repo.spring.io/milestone/org/tukaani/xz/1.2/xz-1.2.pom
2016-07-19 11:01:55,164 [Worker-4] INFO  o.e.m.c.i.e.AbstractTransferListenerAdapter - Downloading https://repo.maven.apache.org/maven2/org/tukaani/xz/1.2/xz-1.2.pom
2016-07-19 11:01:55,186 [Worker-4] INFO  o.e.m.c.i.e.AbstractTransferListenerAdapter - Downloaded https://repo.maven.apache.org/maven2/org/tukaani/xz/1.2/xz-1.2.pom
2016-07-19 11:01:55,459 [Worker-4] INFO  o.e.m.c.i.e.AbstractTransferListenerAdapter - Downloaded http://repo.spring.io/snapshot/org/codehaus/plexus/plexus-utils/3.0.15/plexus-utils-3.0.15.jar
2016-07-19 11:01:55,663 [Worker-4] INFO  o.e.m.c.i.e.AbstractTransferListenerAdapter - Downloaded http://repo.spring.io/snapshot/org/codehaus/plexus/plexus-archiver/2.4.4/plexus-archiver-2.4.4.jar
2016-07-19 11:01:55,856 [Worker-4] INFO  o.e.m.c.i.e.AbstractTransferListenerAdapter - Downloaded http://repo.spring.io/snapshot/org/codehaus/plexus/plexus-io/2.0.10/plexus-io-2.0.10.jar
2016-07-19 11:01:56,052 [Worker-4] INFO  o.e.m.c.i.e.AbstractTransferListenerAdapter - Downloaded http://repo.spring.io/snapshot/org/apache/commons/commons-compress/1.5/commons-compress-1.5.jar
2016-07-19 11:01:56,257 [Worker-4] INFO  o.e.m.c.i.e.AbstractTransferListenerAdapter - Downloaded http://repo.spring.io/snapshot/org/tukaani/xz/1.2/xz-1.2.jar
2016-07-19 11:01:56,488 [Worker-4] INFO  o.e.m.c.i.e.AbstractTransferListenerAdapter - Downloaded http://repo.spring.io/milestone/org/codehaus/plexus/plexus-utils/3.0.15/plexus-utils-3.0.15.jar
2016-07-19 11:01:56,694 [Worker-4] INFO  o.e.m.c.i.e.AbstractTransferListenerAdapter - Downloaded http://repo.spring.io/milestone/org/codehaus/plexus/plexus-archiver/2.4.4/plexus-archiver-2.4.4.jar
2016-07-19 11:01:56,947 [Worker-4] INFO  o.e.m.c.i.e.AbstractTransferListenerAdapter - Downloaded http://repo.spring.io/milestone/org/codehaus/plexus/plexus-io/2.0.10/plexus-io-2.0.10.jar
2016-07-19 11:01:57,151 [Worker-4] INFO  o.e.m.c.i.e.AbstractTransferListenerAdapter - Downloaded http://repo.spring.io/milestone/org/apache/commons/commons-compress/1.5/commons-compress-1.5.jar
2016-07-19 11:01:57,415 [Worker-4] INFO  o.e.m.c.i.e.AbstractTransferListenerAdapter - Downloaded http://repo.spring.io/milestone/org/tukaani/xz/1.2/xz-1.2.jar
2016-07-19 11:01:57,469 [Worker-4] INFO  o.e.m.c.i.e.AbstractTransferListenerAdapter - Downloading https://repo.maven.apache.org/maven2/org/codehaus/plexus/plexus-utils/3.0.15/plexus-utils-3.0.15.jar
2016-07-19 11:01:57,639 [Worker-4] INFO  o.e.m.c.i.e.AbstractTransferListenerAdapter - Downloaded https://repo.maven.apache.org/maven2/org/codehaus/plexus/plexus-utils/3.0.15/plexus-utils-3.0.15.jar
2016-07-19 11:01:57,656 [Worker-4] INFO  o.e.m.c.i.e.AbstractTransferListenerAdapter - Downloading https://repo.maven.apache.org/maven2/org/codehaus/plexus/plexus-archiver/2.4.4/plexus-archiver-2.4.4.jar
2016-07-19 11:01:57,850 [Worker-4] INFO  o.e.m.c.i.e.AbstractTransferListenerAdapter - Downloaded https://repo.maven.apache.org/maven2/org/codehaus/plexus/plexus-archiver/2.4.4/plexus-archiver-2.4.4.jar
2016-07-19 11:01:57,865 [Worker-4] INFO  o.e.m.c.i.e.AbstractTransferListenerAdapter - Downloading https://repo.maven.apache.org/maven2/org/codehaus/plexus/plexus-io/2.0.10/plexus-io-2.0.10.jar
2016-07-19 11:01:57,930 [Worker-4] INFO  o.e.m.c.i.e.AbstractTransferListenerAdapter - Downloaded https://repo.maven.apache.org/maven2/org/codehaus/plexus/plexus-io/2.0.10/plexus-io-2.0.10.jar
2016-07-19 11:01:57,950 [Worker-4] INFO  o.e.m.c.i.e.AbstractTransferListenerAdapter - Downloading https://repo.maven.apache.org/maven2/org/apache/commons/commons-compress/1.5/commons-compress-1.5.jar
2016-07-19 11:01:58,150 [Worker-4] INFO  o.e.m.c.i.e.AbstractTransferListenerAdapter - Downloaded https://repo.maven.apache.org/maven2/org/apache/commons/commons-compress/1.5/commons-compress-1.5.jar
2016-07-19 11:01:58,254 [Worker-4] INFO  o.e.m.c.i.e.AbstractTransferListenerAdapter - Downloading https://repo.maven.apache.org/maven2/org/tukaani/xz/1.2/xz-1.2.jar
2016-07-19 11:01:58,332 [Worker-4] INFO  o.e.m.c.i.e.AbstractTransferListenerAdapter - Downloaded https://repo.maven.apache.org/maven2/org/tukaani/xz/1.2/xz-1.2.jar
2016-07-19 11:01:59,467 [Worker-4] INFO  o.e.m.j.i.AbstractJavaProjectConfigurator - Adding source folder /collator/src/main/java
2016-07-19 11:01:59,477 [Worker-4] INFO  o.e.m.j.i.AbstractJavaProjectConfigurator - Adding source folder /collator/src/test/java
2016-07-19 11:02:01,736 [Worker-4] INFO  o.e.m.c.i.p.ProjectConfigurationManager - Imported and configured 1 project(s) in 18 sec
2016-07-19 11:02:03,304 [Worker-4] INFO  o.e.m.c.i.embedder.EclipseLogger - Using 'UTF-8' encoding to copy filtered resources.
2016-07-19 11:02:03,304 [Worker-4] INFO  o.e.m.c.i.embedder.EclipseLogger - skip non existing resourceDirectory C:\Users\tbinks\microservices2016HackDay\workspace\collator\src\main\resources
2016-07-19 11:02:03,305 [Worker-4] INFO  o.e.m.c.i.embedder.EclipseLogger - skip non existing resourceDirectory C:\Users\tbinks\microservices2016HackDay\workspace\collator\src\main\resources
2016-07-19 11:02:03,310 [Worker-4] INFO  o.e.m.c.i.embedder.EclipseLogger - Using 'UTF-8' encoding to copy filtered resources.
2016-07-19 11:02:03,311 [Worker-4] INFO  o.e.m.c.i.embedder.EclipseLogger - skip non existing resourceDirectory C:\Users\tbinks\microservices2016HackDay\workspace\collator\src\test\resources
2016-07-19 11:02:09,215 [Worker-11] INFO  o.e.m.c.i.embedder.EclipseLogger - Using 'UTF-8' encoding to copy filtered resources.
2016-07-19 11:02:09,221 [Worker-11] INFO  o.e.m.c.i.embedder.EclipseLogger - skip non existing resourceDirectory C:\Users\tbinks\microservices2016HackDay\workspace\collator\src\main\resources
2016-07-19 11:02:09,222 [Worker-11] INFO  o.e.m.c.i.embedder.EclipseLogger - skip non existing resourceDirectory C:\Users\tbinks\microservices2016HackDay\workspace\collator\src\main\resources
2016-07-19 11:02:09,224 [Worker-11] INFO  o.e.m.c.i.embedder.EclipseLogger - Using 'UTF-8' encoding to copy filtered resources.
2016-07-19 11:02:09,225 [Worker-11] INFO  o.e.m.c.i.embedder.EclipseLogger - skip non existing resourceDirectory C:\Users\tbinks\microservices2016HackDay\workspace\collator\src\test\resources
2016-07-19 11:03:18,817 [Worker-20] INFO  o.e.m.c.i.embedder.EclipseLogger - Using 'UTF-8' encoding to copy filtered resources.
2016-07-19 11:03:18,817 [Worker-20] INFO  o.e.m.c.i.embedder.EclipseLogger - skip non existing resourceDirectory C:\Users\tbinks\microservices2016HackDay\workspace\collator\src\main\resources
2016-07-19 11:03:18,817 [Worker-20] INFO  o.e.m.c.i.embedder.EclipseLogger - skip non existing resourceDirectory C:\Users\tbinks\microservices2016HackDay\workspace\collator\src\main\resources
2016-07-19 11:03:18,820 [Worker-20] INFO  o.e.m.c.i.embedder.EclipseLogger - Using 'UTF-8' encoding to copy filtered resources.
2016-07-19 11:03:18,820 [Worker-20] INFO  o.e.m.c.i.embedder.EclipseLogger - skip non existing resourceDirectory C:\Users\tbinks\microservices2016HackDay\workspace\collator\src\test\resources
2016-07-19 11:10:38,282 [Worker-20] INFO  o.e.m.c.i.embedder.EclipseLogger - Using 'UTF-8' encoding to copy filtered resources.
2016-07-19 11:10:38,282 [Worker-20] INFO  o.e.m.c.i.embedder.EclipseLogger - skip non existing resourceDirectory C:\Users\tbinks\microservices2016HackDay\workspace\collator\src\main\resources
2016-07-19 11:10:38,283 [Worker-20] INFO  o.e.m.c.i.embedder.EclipseLogger - skip non existing resourceDirectory C:\Users\tbinks\microservices2016HackDay\workspace\collator\src\main\resources
2016-07-19 11:10:38,285 [Worker-20] INFO  o.e.m.c.i.embedder.EclipseLogger - Using 'UTF-8' encoding to copy filtered resources.
2016-07-19 11:10:38,285 [Worker-20] INFO  o.e.m.c.i.embedder.EclipseLogger - skip non existing resourceDirectory C:\Users\tbinks\microservices2016HackDay\workspace\collator\src\test\resources
2016-07-19 11:11:09,867 [Worker-7] INFO  o.e.m.c.i.embedder.EclipseLogger - Using 'UTF-8' encoding to copy filtered resources.
2016-07-19 11:11:09,867 [Worker-7] INFO  o.e.m.c.i.embedder.EclipseLogger - skip non existing resourceDirectory C:\Users\tbinks\microservices2016HackDay\workspace\collator\src\main\resources
2016-07-19 11:11:09,867 [Worker-7] INFO  o.e.m.c.i.embedder.EclipseLogger - skip non existing resourceDirectory C:\Users\tbinks\microservices2016HackDay\workspace\collator\src\main\resources
2016-07-19 11:11:09,870 [Worker-7] INFO  o.e.m.c.i.embedder.EclipseLogger - Using 'UTF-8' encoding to copy filtered resources.
2016-07-19 11:11:09,870 [Worker-7] INFO  o.e.m.c.i.embedder.EclipseLogger - skip non existing resourceDirectory C:\Users\tbinks\microservices2016HackDay\workspace\collator\src\test\resources
2016-07-19 11:13:56,012 [Worker-12] INFO  o.e.m.c.i.embedder.EclipseLogger - Using 'UTF-8' encoding to copy filtered resources.
2016-07-19 11:13:56,013 [Worker-12] INFO  o.e.m.c.i.embedder.EclipseLogger - skip non existing resourceDirectory C:\Users\tbinks\microservices2016HackDay\workspace\collator\src\main\resources
2016-07-19 11:13:56,013 [Worker-12] INFO  o.e.m.c.i.embedder.EclipseLogger - skip non existing resourceDirectory C:\Users\tbinks\microservices2016HackDay\workspace\collator\src\main\resources
2016-07-19 11:13:56,015 [Worker-12] INFO  o.e.m.c.i.embedder.EclipseLogger - Using 'UTF-8' encoding to copy filtered resources.
2016-07-19 11:13:56,015 [Worker-12] INFO  o.e.m.c.i.embedder.EclipseLogger - skip non existing resourceDirectory C:\Users\tbinks\microservices2016HackDay\workspace\collator\src\test\resources
2016-07-19 11:21:00,188 [Worker-22] INFO  o.e.m.c.i.embedder.EclipseLogger - Using 'UTF-8' encoding to copy filtered resources.
2016-07-19 11:21:00,189 [Worker-22] INFO  o.e.m.c.i.embedder.EclipseLogger - skip non existing resourceDirectory C:\Users\tbinks\microservices2016HackDay\workspace\collator\src\main\resources
2016-07-19 11:21:00,189 [Worker-22] INFO  o.e.m.c.i.embedder.EclipseLogger - skip non existing resourceDirectory C:\Users\tbinks\microservices2016HackDay\workspace\collator\src\main\resources
2016-07-19 11:21:00,191 [Worker-22] INFO  o.e.m.c.i.embedder.EclipseLogger - Using 'UTF-8' encoding to copy filtered resources.
2016-07-19 11:21:00,191 [Worker-22] INFO  o.e.m.c.i.embedder.EclipseLogger - skip non existing resourceDirectory C:\Users\tbinks\microservices2016HackDay\workspace\collator\src\test\resources
2016-07-19 11:22:53,122 [Worker-2] INFO  o.e.m.c.i.l.LifecycleMappingFactory - Using org.eclipse.m2e.jdt.JarLifecycleMapping lifecycle mapping for MavenProject: uk.os.skoolvote:collator:1.0-SNAPSHOT @ C:\Users\tbinks\microservices2016HackDay\workspace\collator\pom.xml.
2016-07-19 11:22:53,355 [Worker-2] INFO  o.e.m.c.i.e.AbstractTransferListenerAdapter - Downloaded http://repo.spring.io/snapshot/junit/junit/4.8.1/junit-4.8.1.pom
2016-07-19 11:22:53,571 [Worker-2] INFO  o.e.m.c.i.e.AbstractTransferListenerAdapter - Downloaded http://repo.spring.io/milestone/junit/junit/4.8.1/junit-4.8.1.pom
2016-07-19 11:22:53,718 [Worker-2] INFO  o.e.m.c.i.e.AbstractTransferListenerAdapter - Downloading https://repo.maven.apache.org/maven2/junit/junit/4.8.1/junit-4.8.1.pom
2016-07-19 11:22:53,738 [Worker-2] INFO  o.e.m.c.i.e.AbstractTransferListenerAdapter - Downloaded https://repo.maven.apache.org/maven2/junit/junit/4.8.1/junit-4.8.1.pom
2016-07-19 11:22:54,303 [Worker-2] INFO  o.e.m.c.i.e.AbstractTransferListenerAdapter - Downloaded http://repo.spring.io/snapshot/junit/junit/4.8.1/junit-4.8.1.jar
2016-07-19 11:22:54,507 [Worker-2] INFO  o.e.m.c.i.e.AbstractTransferListenerAdapter - Downloaded http://repo.spring.io/milestone/junit/junit/4.8.1/junit-4.8.1.jar
2016-07-19 11:22:54,526 [Worker-2] INFO  o.e.m.c.i.e.AbstractTransferListenerAdapter - Downloading https://repo.maven.apache.org/maven2/junit/junit/4.8.1/junit-4.8.1.jar
2016-07-19 11:22:54,690 [Worker-2] INFO  o.e.m.c.i.e.AbstractTransferListenerAdapter - Downloaded https://repo.maven.apache.org/maven2/junit/junit/4.8.1/junit-4.8.1.jar
2016-07-19 11:22:55,223 [Worker-2] INFO  o.e.m.c.i.embedder.EclipseLogger - Using 'UTF-8' encoding to copy filtered resources.
2016-07-19 11:22:55,223 [Worker-2] INFO  o.e.m.c.i.embedder.EclipseLogger - skip non existing resourceDirectory C:\Users\tbinks\microservices2016HackDay\workspace\collator\src\main\resources
2016-07-19 11:22:55,223 [Worker-2] INFO  o.e.m.c.i.embedder.EclipseLogger - skip non existing resourceDirectory C:\Users\tbinks\microservices2016HackDay\workspace\collator\src\main\resources
2016-07-19 11:22:55,226 [Worker-2] INFO  o.e.m.c.i.embedder.EclipseLogger - Using 'UTF-8' encoding to copy filtered resources.
2016-07-19 11:22:55,226 [Worker-2] INFO  o.e.m.c.i.embedder.EclipseLogger - skip non existing resourceDirectory C:\Users\tbinks\microservices2016HackDay\workspace\collator\src\test\resources
2016-07-19 11:22:57,483 [Worker-25] INFO  o.e.m.c.i.embedder.EclipseLogger - Using 'UTF-8' encoding to copy filtered resources.
2016-07-19 11:22:57,483 [Worker-25] INFO  o.e.m.c.i.embedder.EclipseLogger - skip non existing resourceDirectory C:\Users\tbinks\microservices2016HackDay\workspace\collator\src\main\resources
2016-07-19 11:22:57,484 [Worker-25] INFO  o.e.m.c.i.embedder.EclipseLogger - skip non existing resourceDirectory C:\Users\tbinks\microservices2016HackDay\workspace\collator\src\main\resources
2016-07-19 11:22:57,486 [Worker-25] INFO  o.e.m.c.i.embedder.EclipseLogger - Using 'UTF-8' encoding to copy filtered resources.
2016-07-19 11:22:57,486 [Worker-25] INFO  o.e.m.c.i.embedder.EclipseLogger - skip non existing resourceDirectory C:\Users\tbinks\microservices2016HackDay\workspace\collator\src\test\resources
2016-07-19 11:23:05,170 [Worker-22] INFO  o.e.m.c.i.p.ProjectConfigurationManager - Update started
2016-07-19 11:23:06,062 [Worker-22] INFO  o.e.m.c.i.l.LifecycleMappingFactory - Using org.eclipse.m2e.jdt.JarLifecycleMapping lifecycle mapping for MavenProject: uk.os.skoolvote:collator:1.0-SNAPSHOT @ C:\Users\tbinks\microservices2016HackDay\workspace\collator\pom.xml.
2016-07-19 11:23:06,861 [Worker-22] INFO  o.e.m.j.i.AbstractJavaProjectConfigurator - Adding source folder /collator/src/main/java
2016-07-19 11:23:06,862 [Worker-22] INFO  o.e.m.j.i.AbstractJavaProjectConfigurator - Adding source folder /collator/src/test/java
2016-07-19 11:23:07,071 [Worker-22] INFO  o.e.m.c.i.p.ProjectConfigurationManager - Update completed: 1 sec
2016-07-19 11:23:07,769 [Worker-25] INFO  o.e.m.c.i.embedder.EclipseLogger - Using 'UTF-8' encoding to copy filtered resources.
2016-07-19 11:23:07,769 [Worker-25] INFO  o.e.m.c.i.embedder.EclipseLogger - skip non existing resourceDirectory C:\Users\tbinks\microservices2016HackDay\workspace\collator\src\main\resources
2016-07-19 11:23:07,770 [Worker-25] INFO  o.e.m.c.i.embedder.EclipseLogger - skip non existing resourceDirectory C:\Users\tbinks\microservices2016HackDay\workspace\collator\src\main\resources
2016-07-19 11:23:07,773 [Worker-25] INFO  o.e.m.c.i.embedder.EclipseLogger - Using 'UTF-8' encoding to copy filtered resources.
2016-07-19 11:23:07,773 [Worker-25] INFO  o.e.m.c.i.embedder.EclipseLogger - skip non existing resourceDirectory C:\Users\tbinks\microservices2016HackDay\workspace\collator\src\test\resources
2016-07-19 11:33:29,446 [Worker-27] INFO  o.e.m.c.i.embedder.EclipseLogger - Using 'UTF-8' encoding to copy filtered resources.
2016-07-19 11:33:29,446 [Worker-27] INFO  o.e.m.c.i.embedder.EclipseLogger - skip non existing resourceDirectory C:\Users\tbinks\microservices2016HackDay\workspace\collator\src\main\resources
2016-07-19 11:33:29,446 [Worker-27] INFO  o.e.m.c.i.embedder.EclipseLogger - skip non existing resourceDirectory C:\Users\tbinks\microservices2016HackDay\workspace\collator\src\main\resources
2016-07-19 11:33:29,448 [Worker-27] INFO  o.e.m.c.i.embedder.EclipseLogger - Using 'UTF-8' encoding to copy filtered resources.
2016-07-19 11:33:29,448 [Worker-27] INFO  o.e.m.c.i.embedder.EclipseLogger - skip non existing resourceDirectory C:\Users\tbinks\microservices2016HackDay\workspace\collator\src\test\resources
2016-07-19 11:37:42,943 [Worker-22] INFO  o.e.m.c.i.embedder.EclipseLogger - Using 'UTF-8' encoding to copy filtered resources.
2016-07-19 11:37:42,943 [Worker-22] INFO  o.e.m.c.i.embedder.EclipseLogger - skip non existing resourceDirectory C:\Users\tbinks\microservices2016HackDay\workspace\collator\src\main\resources
2016-07-19 11:37:42,943 [Worker-22] INFO  o.e.m.c.i.embedder.EclipseLogger - skip non existing resourceDirectory C:\Users\tbinks\microservices2016HackDay\workspace\collator\src\main\resources
2016-07-19 11:37:42,945 [Worker-22] INFO  o.e.m.c.i.embedder.EclipseLogger - Using 'UTF-8' encoding to copy filtered resources.
2016-07-19 11:37:42,945 [Worker-22] INFO  o.e.m.c.i.embedder.EclipseLogger - skip non existing resourceDirectory C:\Users\tbinks\microservices2016HackDay\workspace\collator\src\test\resources
2016-07-19 11:37:53,242 [Worker-27] INFO  o.e.m.c.i.embedder.EclipseLogger - Using 'UTF-8' encoding to copy filtered resources.
2016-07-19 11:37:53,242 [Worker-27] INFO  o.e.m.c.i.embedder.EclipseLogger - skip non existing resourceDirectory C:\Users\tbinks\microservices2016HackDay\workspace\collator\src\main\resources
2016-07-19 11:37:53,243 [Worker-27] INFO  o.e.m.c.i.embedder.EclipseLogger - skip non existing resourceDirectory C:\Users\tbinks\microservices2016HackDay\workspace\collator\src\main\resources
2016-07-19 11:37:53,245 [Worker-27] INFO  o.e.m.c.i.embedder.EclipseLogger - Using 'UTF-8' encoding to copy filtered resources.
2016-07-19 11:37:53,245 [Worker-27] INFO  o.e.m.c.i.embedder.EclipseLogger - skip non existing resourceDirectory C:\Users\tbinks\microservices2016HackDay\workspace\collator\src\test\resources
2016-07-19 11:39:04,452 [Worker-22] INFO  o.e.m.c.i.embedder.EclipseLogger - Using 'UTF-8' encoding to copy filtered resources.
2016-07-19 11:39:04,452 [Worker-22] INFO  o.e.m.c.i.embedder.EclipseLogger - skip non existing resourceDirectory C:\Users\tbinks\microservices2016HackDay\workspace\collator\src\main\resources
2016-07-19 11:39:04,452 [Worker-22] INFO  o.e.m.c.i.embedder.EclipseLogger - skip non existing resourceDirectory C:\Users\tbinks\microservices2016HackDay\workspace\collator\src\main\resources
2016-07-19 11:39:04,454 [Worker-22] INFO  o.e.m.c.i.embedder.EclipseLogger - Using 'UTF-8' encoding to copy filtered resources.
2016-07-19 11:39:04,454 [Worker-22] INFO  o.e.m.c.i.embedder.EclipseLogger - skip non existing resourceDirectory C:\Users\tbinks\microservices2016HackDay\workspace\collator\src\test\resources
2016-07-19 11:52:33,049 [Worker-24] INFO  o.e.m.c.i.embedder.EclipseLogger - Using 'UTF-8' encoding to copy filtered resources.
2016-07-19 11:52:33,049 [Worker-24] INFO  o.e.m.c.i.embedder.EclipseLogger - skip non existing resourceDirectory C:\Users\tbinks\microservices2016HackDay\workspace\collator\src\main\resources
2016-07-19 11:52:33,050 [Worker-24] INFO  o.e.m.c.i.embedder.EclipseLogger - skip non existing resourceDirectory C:\Users\tbinks\microservices2016HackDay\workspace\collator\src\main\resources
2016-07-19 11:52:33,051 [Worker-24] INFO  o.e.m.c.i.embedder.EclipseLogger - Using 'UTF-8' encoding to copy filtered resources.
2016-07-19 11:52:33,052 [Worker-24] INFO  o.e.m.c.i.embedder.EclipseLogger - skip non existing resourceDirectory C:\Users\tbinks\microservices2016HackDay\workspace\collator\src\test\resources
2016-07-19 11:55:26,407 [Worker-27] INFO  o.e.m.c.i.embedder.EclipseLogger - Using 'UTF-8' encoding to copy filtered resources.
2016-07-19 11:55:26,407 [Worker-27] INFO  o.e.m.c.i.embedder.EclipseLogger - skip non existing resourceDirectory C:\Users\tbinks\microservices2016HackDay\workspace\collator\src\main\resources
2016-07-19 11:55:26,407 [Worker-27] INFO  o.e.m.c.i.embedder.EclipseLogger - skip non existing resourceDirectory C:\Users\tbinks\microservices2016HackDay\workspace\collator\src\main\resources
2016-07-19 11:55:26,410 [Worker-27] INFO  o.e.m.c.i.embedder.EclipseLogger - Using 'UTF-8' encoding to copy filtered resources.
2016-07-19 11:55:26,410 [Worker-27] INFO  o.e.m.c.i.embedder.EclipseLogger - skip non existing resourceDirectory C:\Users\tbinks\microservices2016HackDay\workspace\collator\src\test\resources
2016-07-19 12:02:19,752 [Worker-2] INFO  o.e.m.c.i.embedder.EclipseLogger - Using 'UTF-8' encoding to copy filtered resources.
2016-07-19 12:02:19,752 [Worker-2] INFO  o.e.m.c.i.embedder.EclipseLogger - skip non existing resourceDirectory C:\Users\tbinks\microservices2016HackDay\workspace\collator\src\main\resources
2016-07-19 12:02:19,752 [Worker-2] INFO  o.e.m.c.i.embedder.EclipseLogger - skip non existing resourceDirectory C:\Users\tbinks\microservices2016HackDay\workspace\collator\src\main\resources
2016-07-19 12:02:19,756 [Worker-2] INFO  o.e.m.c.i.embedder.EclipseLogger - Using 'UTF-8' encoding to copy filtered resources.
2016-07-19 12:02:19,756 [Worker-2] INFO  o.e.m.c.i.embedder.EclipseLogger - skip non existing resourceDirectory C:\Users\tbinks\microservices2016HackDay\workspace\collator\src\test\resources
2016-07-19 12:02:26,699 [Worker-24] INFO  o.e.m.c.i.embedder.EclipseLogger - Using 'UTF-8' encoding to copy filtered resources.
2016-07-19 12:02:26,700 [Worker-24] INFO  o.e.m.c.i.embedder.EclipseLogger - skip non existing resourceDirectory C:\Users\tbinks\microservices2016HackDay\workspace\collator\src\main\resources
2016-07-19 12:02:26,700 [Worker-24] INFO  o.e.m.c.i.embedder.EclipseLogger - skip non existing resourceDirectory C:\Users\tbinks\microservices2016HackDay\workspace\collator\src\main\resources
2016-07-19 12:02:26,701 [Worker-24] INFO  o.e.m.c.i.embedder.EclipseLogger - Using 'UTF-8' encoding to copy filtered resources.
2016-07-19 12:02:26,702 [Worker-24] INFO  o.e.m.c.i.embedder.EclipseLogger - skip non existing resourceDirectory C:\Users\tbinks\microservices2016HackDay\workspace\collator\src\test\resources
2016-07-19 12:03:24,692 [Worker-32] INFO  o.e.m.c.i.embedder.EclipseLogger - Using 'UTF-8' encoding to copy filtered resources.
2016-07-19 12:03:24,693 [Worker-32] INFO  o.e.m.c.i.embedder.EclipseLogger - skip non existing resourceDirectory C:\Users\tbinks\microservices2016HackDay\workspace\collator\src\main\resources
2016-07-19 12:03:24,693 [Worker-32] INFO  o.e.m.c.i.embedder.EclipseLogger - skip non existing resourceDirectory C:\Users\tbinks\microservices2016HackDay\workspace\collator\src\main\resources
2016-07-19 12:03:24,695 [Worker-32] INFO  o.e.m.c.i.embedder.EclipseLogger - Using 'UTF-8' encoding to copy filtered resources.
2016-07-19 12:03:24,695 [Worker-32] INFO  o.e.m.c.i.embedder.EclipseLogger - skip non existing resourceDirectory C:\Users\tbinks\microservices2016HackDay\workspace\collator\src\test\resources
2016-07-19 12:03:34,053 [Worker-32] INFO  o.e.m.c.i.embedder.EclipseLogger - Using 'UTF-8' encoding to copy filtered resources.
2016-07-19 12:03:34,054 [Worker-32] INFO  o.e.m.c.i.embedder.EclipseLogger - skip non existing resourceDirectory C:\Users\tbinks\microservices2016HackDay\workspace\collator\src\main\resources
2016-07-19 12:03:34,054 [Worker-32] INFO  o.e.m.c.i.embedder.EclipseLogger - skip non existing resourceDirectory C:\Users\tbinks\microservices2016HackDay\workspace\collator\src\main\resources
2016-07-19 12:03:34,057 [Worker-32] INFO  o.e.m.c.i.embedder.EclipseLogger - Using 'UTF-8' encoding to copy filtered resources.
2016-07-19 12:03:34,057 [Worker-32] INFO  o.e.m.c.i.embedder.EclipseLogger - skip non existing resourceDirectory C:\Users\tbinks\microservices2016HackDay\workspace\collator\src\test\resources
2016-07-19 12:04:33,732 [Worker-31] INFO  o.e.m.c.i.embedder.EclipseLogger - Using 'UTF-8' encoding to copy filtered resources.
2016-07-19 12:04:33,732 [Worker-31] INFO  o.e.m.c.i.embedder.EclipseLogger - skip non existing resourceDirectory C:\Users\tbinks\microservices2016HackDay\workspace\collator\src\main\resources
2016-07-19 12:04:33,732 [Worker-31] INFO  o.e.m.c.i.embedder.EclipseLogger - skip non existing resourceDirectory C:\Users\tbinks\microservices2016HackDay\workspace\collator\src\main\resources
2016-07-19 12:04:33,734 [Worker-31] INFO  o.e.m.c.i.embedder.EclipseLogger - Using 'UTF-8' encoding to copy filtered resources.
2016-07-19 12:04:33,735 [Worker-31] INFO  o.e.m.c.i.embedder.EclipseLogger - skip non existing resourceDirectory C:\Users\tbinks\microservices2016HackDay\workspace\collator\src\test\resources
2016-07-19 12:15:28,563 [Worker-27] INFO  o.e.m.c.i.embedder.EclipseLogger - Using 'UTF-8' encoding to copy filtered resources.
2016-07-19 12:15:28,564 [Worker-27] INFO  o.e.m.c.i.embedder.EclipseLogger - skip non existing resourceDirectory C:\Users\tbinks\microservices2016HackDay\workspace\collator\src\main\resources
2016-07-19 12:15:28,564 [Worker-27] INFO  o.e.m.c.i.embedder.EclipseLogger - skip non existing resourceDirectory C:\Users\tbinks\microservices2016HackDay\workspace\collator\src\main\resources
2016-07-19 12:15:28,567 [Worker-27] INFO  o.e.m.c.i.embedder.EclipseLogger - Using 'UTF-8' encoding to copy filtered resources.
2016-07-19 12:15:28,567 [Worker-27] INFO  o.e.m.c.i.embedder.EclipseLogger - skip non existing resourceDirectory C:\Users\tbinks\microservices2016HackDay\workspace\collator\src\test\resources
2016-07-19 13:01:46,042 [Worker-42] INFO  o.e.m.c.i.embedder.EclipseLogger - Using 'UTF-8' encoding to copy filtered resources.
2016-07-19 13:01:46,042 [Worker-42] INFO  o.e.m.c.i.embedder.EclipseLogger - skip non existing resourceDirectory C:\Users\tbinks\microservices2016HackDay\workspace\collator\src\main\resources
2016-07-19 13:01:46,043 [Worker-42] INFO  o.e.m.c.i.embedder.EclipseLogger - skip non existing resourceDirectory C:\Users\tbinks\microservices2016HackDay\workspace\collator\src\main\resources
2016-07-19 13:01:46,044 [Worker-42] INFO  o.e.m.c.i.embedder.EclipseLogger - Using 'UTF-8' encoding to copy filtered resources.
2016-07-19 13:01:46,044 [Worker-42] INFO  o.e.m.c.i.embedder.EclipseLogger - skip non existing resourceDirectory C:\Users\tbinks\microservices2016HackDay\workspace\collator\src\test\resources
2016-07-19 13:04:30,524 [Worker-41] INFO  o.e.m.c.i.embedder.EclipseLogger - Using 'UTF-8' encoding to copy filtered resources.
2016-07-19 13:04:30,524 [Worker-41] INFO  o.e.m.c.i.embedder.EclipseLogger - skip non existing resourceDirectory C:\Users\tbinks\microservices2016HackDay\workspace\collator\src\main\resources
2016-07-19 13:04:30,524 [Worker-41] INFO  o.e.m.c.i.embedder.EclipseLogger - skip non existing resourceDirectory C:\Users\tbinks\microservices2016HackDay\workspace\collator\src\main\resources
2016-07-19 13:04:30,527 [Worker-41] INFO  o.e.m.c.i.embedder.EclipseLogger - Using 'UTF-8' encoding to copy filtered resources.
2016-07-19 13:04:30,527 [Worker-41] INFO  o.e.m.c.i.embedder.EclipseLogger - skip non existing resourceDirectory C:\Users\tbinks\microservices2016HackDay\workspace\collator\src\test\resources
2016-07-19 13:15:21,862 [Worker-45] INFO  o.e.m.c.i.embedder.EclipseLogger - Using 'UTF-8' encoding to copy filtered resources.
2016-07-19 13:15:21,862 [Worker-45] INFO  o.e.m.c.i.embedder.EclipseLogger - skip non existing resourceDirectory C:\Users\tbinks\microservices2016HackDay\workspace\collator\src\main\resources
2016-07-19 13:15:21,862 [Worker-45] INFO  o.e.m.c.i.embedder.EclipseLogger - skip non existing resourceDirectory C:\Users\tbinks\microservices2016HackDay\workspace\collator\src\main\resources
2016-07-19 13:15:21,865 [Worker-45] INFO  o.e.m.c.i.embedder.EclipseLogger - Using 'UTF-8' encoding to copy filtered resources.
2016-07-19 13:15:21,866 [Worker-45] INFO  o.e.m.c.i.embedder.EclipseLogger - skip non existing resourceDirectory C:\Users\tbinks\microservices2016HackDay\workspace\collator\src\test\resources
2016-07-19 13:19:42,013 [Worker-37] INFO  o.e.m.c.i.embedder.EclipseLogger - Using 'UTF-8' encoding to copy filtered resources.
2016-07-19 13:19:42,014 [Worker-37] INFO  o.e.m.c.i.embedder.EclipseLogger - skip non existing resourceDirectory C:\Users\tbinks\microservices2016HackDay\workspace\collator\src\main\resources
2016-07-19 13:19:42,014 [Worker-37] INFO  o.e.m.c.i.embedder.EclipseLogger - skip non existing resourceDirectory C:\Users\tbinks\microservices2016HackDay\workspace\collator\src\main\resources
2016-07-19 13:19:42,016 [Worker-37] INFO  o.e.m.c.i.embedder.EclipseLogger - Using 'UTF-8' encoding to copy filtered resources.
2016-07-19 13:19:42,016 [Worker-37] INFO  o.e.m.c.i.embedder.EclipseLogger - skip non existing resourceDirectory C:\Users\tbinks\microservices2016HackDay\workspace\collator\src\test\resources
2016-07-19 13:20:29,556 [Worker-49] INFO  o.e.m.c.i.embedder.EclipseLogger - Using 'UTF-8' encoding to copy filtered resources.
2016-07-19 13:20:29,556 [Worker-49] INFO  o.e.m.c.i.embedder.EclipseLogger - skip non existing resourceDirectory C:\Users\tbinks\microservices2016HackDay\workspace\collator\src\main\resources
2016-07-19 13:20:29,557 [Worker-49] INFO  o.e.m.c.i.embedder.EclipseLogger - skip non existing resourceDirectory C:\Users\tbinks\microservices2016HackDay\workspace\collator\src\main\resources
2016-07-19 13:20:29,558 [Worker-49] INFO  o.e.m.c.i.embedder.EclipseLogger - Using 'UTF-8' encoding to copy filtered resources.
2016-07-19 13:20:29,558 [Worker-49] INFO  o.e.m.c.i.embedder.EclipseLogger - skip non existing resourceDirectory C:\Users\tbinks\microservices2016HackDay\workspace\collator\src\test\resources
2016-07-19 13:25:31,564 [Worker-55] INFO  o.e.m.c.i.embedder.EclipseLogger - Using 'UTF-8' encoding to copy filtered resources.
2016-07-19 13:25:31,565 [Worker-55] INFO  o.e.m.c.i.embedder.EclipseLogger - skip non existing resourceDirectory C:\Users\tbinks\microservices2016HackDay\workspace\collator\src\main\resources
2016-07-19 13:25:31,565 [Worker-55] INFO  o.e.m.c.i.embedder.EclipseLogger - skip non existing resourceDirectory C:\Users\tbinks\microservices2016HackDay\workspace\collator\src\main\resources
2016-07-19 13:25:31,567 [Worker-55] INFO  o.e.m.c.i.embedder.EclipseLogger - Using 'UTF-8' encoding to copy filtered resources.
2016-07-19 13:25:31,568 [Worker-55] INFO  o.e.m.c.i.embedder.EclipseLogger - skip non existing resourceDirectory C:\Users\tbinks\microservices2016HackDay\workspace\collator\src\test\resources
2016-07-19 13:27:50,237 [Worker-55] INFO  o.e.m.c.i.embedder.EclipseLogger - Using 'UTF-8' encoding to copy filtered resources.
2016-07-19 13:27:50,237 [Worker-55] INFO  o.e.m.c.i.embedder.EclipseLogger - skip non existing resourceDirectory C:\Users\tbinks\microservices2016HackDay\workspace\collator\src\main\resources
2016-07-19 13:27:50,237 [Worker-55] INFO  o.e.m.c.i.embedder.EclipseLogger - skip non existing resourceDirectory C:\Users\tbinks\microservices2016HackDay\workspace\collator\src\main\resources
2016-07-19 13:27:50,239 [Worker-55] INFO  o.e.m.c.i.embedder.EclipseLogger - Using 'UTF-8' encoding to copy filtered resources.
2016-07-19 13:27:50,240 [Worker-55] INFO  o.e.m.c.i.embedder.EclipseLogger - skip non existing resourceDirectory C:\Users\tbinks\microservices2016HackDay\workspace\collator\src\test\resources
2016-07-19 13:28:04,628 [Worker-57] INFO  o.e.m.c.i.embedder.EclipseLogger - Using 'UTF-8' encoding to copy filtered resources.
2016-07-19 13:28:04,628 [Worker-57] INFO  o.e.m.c.i.embedder.EclipseLogger - skip non existing resourceDirectory C:\Users\tbinks\microservices2016HackDay\workspace\collator\src\main\resources
2016-07-19 13:28:04,628 [Worker-57] INFO  o.e.m.c.i.embedder.EclipseLogger - skip non existing resourceDirectory C:\Users\tbinks\microservices2016HackDay\workspace\collator\src\main\resources
2016-07-19 13:28:04,630 [Worker-57] INFO  o.e.m.c.i.embedder.EclipseLogger - Using 'UTF-8' encoding to copy filtered resources.
2016-07-19 13:28:04,630 [Worker-57] INFO  o.e.m.c.i.embedder.EclipseLogger - skip non existing resourceDirectory C:\Users\tbinks\microservices2016HackDay\workspace\collator\src\test\resources
2016-07-19 13:29:42,838 [Worker-57] INFO  o.e.m.c.i.embedder.EclipseLogger - Using 'UTF-8' encoding to copy filtered resources.
2016-07-19 13:29:42,839 [Worker-57] INFO  o.e.m.c.i.embedder.EclipseLogger - skip non existing resourceDirectory C:\Users\tbinks\microservices2016HackDay\workspace\collator\src\main\resources
2016-07-19 13:29:42,839 [Worker-57] INFO  o.e.m.c.i.embedder.EclipseLogger - skip non existing resourceDirectory C:\Users\tbinks\microservices2016HackDay\workspace\collator\src\main\resources
2016-07-19 13:29:42,840 [Worker-57] INFO  o.e.m.c.i.embedder.EclipseLogger - Using 'UTF-8' encoding to copy filtered resources.
2016-07-19 13:29:42,841 [Worker-57] INFO  o.e.m.c.i.embedder.EclipseLogger - skip non existing resourceDirectory C:\Users\tbinks\microservices2016HackDay\workspace\collator\src\test\resources
2016-07-19 13:32:06,533 [Worker-57] INFO  o.e.m.c.i.embedder.EclipseLogger - Using 'UTF-8' encoding to copy filtered resources.
2016-07-19 13:32:06,534 [Worker-57] INFO  o.e.m.c.i.embedder.EclipseLogger - skip non existing resourceDirectory C:\Users\tbinks\microservices2016HackDay\workspace\collator\src\main\resources
2016-07-19 13:32:06,534 [Worker-57] INFO  o.e.m.c.i.embedder.EclipseLogger - skip non existing resourceDirectory C:\Users\tbinks\microservices2016HackDay\workspace\collator\src\main\resources
2016-07-19 13:32:06,535 [Worker-57] INFO  o.e.m.c.i.embedder.EclipseLogger - Using 'UTF-8' encoding to copy filtered resources.
2016-07-19 13:32:06,535 [Worker-57] INFO  o.e.m.c.i.embedder.EclipseLogger - skip non existing resourceDirectory C:\Users\tbinks\microservices2016HackDay\workspace\collator\src\test\resources
2016-07-19 13:36:39,283 [Worker-36] INFO  o.e.m.c.i.embedder.EclipseLogger - Using 'UTF-8' encoding to copy filtered resources.
2016-07-19 13:36:39,284 [Worker-36] INFO  o.e.m.c.i.embedder.EclipseLogger - skip non existing resourceDirectory C:\Users\tbinks\microservices2016HackDay\workspace\collator\src\main\resources
2016-07-19 13:36:39,284 [Worker-36] INFO  o.e.m.c.i.embedder.EclipseLogger - skip non existing resourceDirectory C:\Users\tbinks\microservices2016HackDay\workspace\collator\src\main\resources
2016-07-19 13:36:39,286 [Worker-36] INFO  o.e.m.c.i.embedder.EclipseLogger - Using 'UTF-8' encoding to copy filtered resources.
2016-07-19 13:36:39,286 [Worker-36] INFO  o.e.m.c.i.embedder.EclipseLogger - skip non existing resourceDirectory C:\Users\tbinks\microservices2016HackDay\workspace\collator\src\test\resources
2016-07-19 13:37:49,122 [Worker-60] INFO  o.e.m.c.i.embedder.EclipseLogger - Using 'UTF-8' encoding to copy filtered resources.
2016-07-19 13:37:49,122 [Worker-60] INFO  o.e.m.c.i.embedder.EclipseLogger - skip non existing resourceDirectory C:\Users\tbinks\microservices2016HackDay\workspace\collator\src\main\resources
2016-07-19 13:37:49,122 [Worker-60] INFO  o.e.m.c.i.embedder.EclipseLogger - skip non existing resourceDirectory C:\Users\tbinks\microservices2016HackDay\workspace\collator\src\main\resources
2016-07-19 13:37:49,125 [Worker-60] INFO  o.e.m.c.i.embedder.EclipseLogger - Using 'UTF-8' encoding to copy filtered resources.
2016-07-19 13:37:49,125 [Worker-60] INFO  o.e.m.c.i.embedder.EclipseLogger - skip non existing resourceDirectory C:\Users\tbinks\microservices2016HackDay\workspace\collator\src\test\resources
2016-07-19 13:44:34,708 [Worker-58] INFO  o.e.m.c.i.embedder.EclipseLogger - Using 'UTF-8' encoding to copy filtered resources.
2016-07-19 13:44:34,713 [Worker-58] INFO  o.e.m.c.i.embedder.EclipseLogger - skip non existing resourceDirectory C:\Users\tbinks\microservices2016HackDay\workspace\collator\src\main\resources
2016-07-19 13:44:34,713 [Worker-58] INFO  o.e.m.c.i.embedder.EclipseLogger - skip non existing resourceDirectory C:\Users\tbinks\microservices2016HackDay\workspace\collator\src\main\resources
2016-07-19 13:44:34,716 [Worker-58] INFO  o.e.m.c.i.embedder.EclipseLogger - Using 'UTF-8' encoding to copy filtered resources.
2016-07-19 13:44:34,716 [Worker-58] INFO  o.e.m.c.i.embedder.EclipseLogger - skip non existing resourceDirectory C:\Users\tbinks\microservices2016HackDay\workspace\collator\src\test\resources
2016-07-19 13:45:09,431 [Worker-63] INFO  o.e.m.c.i.embedder.EclipseLogger - Using 'UTF-8' encoding to copy filtered resources.
2016-07-19 13:45:09,431 [Worker-63] INFO  o.e.m.c.i.embedder.EclipseLogger - skip non existing resourceDirectory C:\Users\tbinks\microservices2016HackDay\workspace\collator\src\main\resources
2016-07-19 13:45:09,431 [Worker-63] INFO  o.e.m.c.i.embedder.EclipseLogger - skip non existing resourceDirectory C:\Users\tbinks\microservices2016HackDay\workspace\collator\src\main\resources
2016-07-19 13:45:09,433 [Worker-63] INFO  o.e.m.c.i.embedder.EclipseLogger - Using 'UTF-8' encoding to copy filtered resources.
2016-07-19 13:45:09,433 [Worker-63] INFO  o.e.m.c.i.embedder.EclipseLogger - skip non existing resourceDirectory C:\Users\tbinks\microservices2016HackDay\workspace\collator\src\test\resources
2016-07-19 13:45:43,230 [Worker-55] INFO  o.e.m.c.i.embedder.EclipseLogger - Using 'UTF-8' encoding to copy filtered resources.
2016-07-19 13:45:43,230 [Worker-55] INFO  o.e.m.c.i.embedder.EclipseLogger - skip non existing resourceDirectory C:\Users\tbinks\microservices2016HackDay\workspace\collator\src\main\resources
2016-07-19 13:45:43,231 [Worker-55] INFO  o.e.m.c.i.embedder.EclipseLogger - skip non existing resourceDirectory C:\Users\tbinks\microservices2016HackDay\workspace\collator\src\main\resources
2016-07-19 13:45:43,233 [Worker-55] INFO  o.e.m.c.i.embedder.EclipseLogger - Using 'UTF-8' encoding to copy filtered resources.
2016-07-19 13:45:43,234 [Worker-55] INFO  o.e.m.c.i.embedder.EclipseLogger - skip non existing resourceDirectory C:\Users\tbinks\microservices2016HackDay\workspace\collator\src\test\resources
2016-07-19 13:45:56,936 [Worker-63] INFO  o.e.m.c.i.embedder.EclipseLogger - Using 'UTF-8' encoding to copy filtered resources.
2016-07-19 13:45:56,936 [Worker-63] INFO  o.e.m.c.i.embedder.EclipseLogger - skip non existing resourceDirectory C:\Users\tbinks\microservices2016HackDay\workspace\collator\src\main\resources
2016-07-19 13:45:56,936 [Worker-63] INFO  o.e.m.c.i.embedder.EclipseLogger - skip non existing resourceDirectory C:\Users\tbinks\microservices2016HackDay\workspace\collator\src\main\resources
2016-07-19 13:45:56,937 [Worker-63] INFO  o.e.m.c.i.embedder.EclipseLogger - Using 'UTF-8' encoding to copy filtered resources.
2016-07-19 13:45:56,938 [Worker-63] INFO  o.e.m.c.i.embedder.EclipseLogger - skip non existing resourceDirectory C:\Users\tbinks\microservices2016HackDay\workspace\collator\src\test\resources
2016-07-19 13:47:21,351 [Worker-55] INFO  o.e.m.c.i.embedder.EclipseLogger - Using 'UTF-8' encoding to copy filtered resources.
2016-07-19 13:47:21,351 [Worker-55] INFO  o.e.m.c.i.embedder.EclipseLogger - skip non existing resourceDirectory C:\Users\tbinks\microservices2016HackDay\workspace\collator\src\main\resources
2016-07-19 13:47:21,351 [Worker-55] INFO  o.e.m.c.i.embedder.EclipseLogger - skip non existing resourceDirectory C:\Users\tbinks\microservices2016HackDay\workspace\collator\src\main\resources
2016-07-19 13:47:21,352 [Worker-55] INFO  o.e.m.c.i.embedder.EclipseLogger - Using 'UTF-8' encoding to copy filtered resources.
2016-07-19 13:47:21,353 [Worker-55] INFO  o.e.m.c.i.embedder.EclipseLogger - skip non existing resourceDirectory C:\Users\tbinks\microservices2016HackDay\workspace\collator\src\test\resources
2016-07-19 14:08:00,546 [Worker-64] INFO  o.e.m.c.i.l.LifecycleMappingFactory - Using org.eclipse.m2e.jdt.JarLifecycleMapping lifecycle mapping for MavenProject: uk.os.skoolvote:collator:1.0-SNAPSHOT @ C:\Users\tbinks\microservices2016HackDay\workspace\collator\pom.xml.
2016-07-19 14:08:01,434 [Worker-64] INFO  o.e.m.c.i.embedder.EclipseLogger - Using 'UTF-8' encoding to copy filtered resources.
2016-07-19 14:08:01,434 [Worker-64] INFO  o.e.m.c.i.embedder.EclipseLogger - skip non existing resourceDirectory C:\Users\tbinks\microservices2016HackDay\workspace\collator\src\main\resources
2016-07-19 14:08:01,434 [Worker-64] INFO  o.e.m.c.i.embedder.EclipseLogger - skip non existing resourceDirectory C:\Users\tbinks\microservices2016HackDay\workspace\collator\src\main\resources
2016-07-19 14:08:01,436 [Worker-64] INFO  o.e.m.c.i.embedder.EclipseLogger - Using 'UTF-8' encoding to copy filtered resources.
2016-07-19 14:08:01,436 [Worker-64] INFO  o.e.m.c.i.embedder.EclipseLogger - skip non existing resourceDirectory C:\Users\tbinks\microservices2016HackDay\workspace\collator\src\test\resources
2016-07-19 14:08:03,392 [Worker-65] INFO  o.e.m.c.i.embedder.EclipseLogger - Using 'UTF-8' encoding to copy filtered resources.
2016-07-19 14:08:03,392 [Worker-65] INFO  o.e.m.c.i.embedder.EclipseLogger - skip non existing resourceDirectory C:\Users\tbinks\microservices2016HackDay\workspace\collator\src\main\resources
2016-07-19 14:08:03,392 [Worker-65] INFO  o.e.m.c.i.embedder.EclipseLogger - skip non existing resourceDirectory C:\Users\tbinks\microservices2016HackDay\workspace\collator\src\main\resources
2016-07-19 14:08:03,393 [Worker-65] INFO  o.e.m.c.i.embedder.EclipseLogger - Using 'UTF-8' encoding to copy filtered resources.
2016-07-19 14:08:03,394 [Worker-65] INFO  o.e.m.c.i.embedder.EclipseLogger - skip non existing resourceDirectory C:\Users\tbinks\microservices2016HackDay\workspace\collator\src\test\resources
2016-07-19 14:09:42,740 [Worker-66] INFO  o.e.m.c.i.embedder.EclipseLogger - Using 'UTF-8' encoding to copy filtered resources.
2016-07-19 14:09:42,741 [Worker-66] INFO  o.e.m.c.i.embedder.EclipseLogger - skip non existing resourceDirectory C:\Users\tbinks\microservices2016HackDay\workspace\collator\src\main\resources
2016-07-19 14:09:42,741 [Worker-66] INFO  o.e.m.c.i.embedder.EclipseLogger - skip non existing resourceDirectory C:\Users\tbinks\microservices2016HackDay\workspace\collator\src\main\resources
2016-07-19 14:09:42,742 [Worker-66] INFO  o.e.m.c.i.embedder.EclipseLogger - Using 'UTF-8' encoding to copy filtered resources.
2016-07-19 14:09:42,742 [Worker-66] INFO  o.e.m.c.i.embedder.EclipseLogger - skip non existing resourceDirectory C:\Users\tbinks\microservices2016HackDay\workspace\collator\src\test\resources
2016-07-19 14:36:48,648 [Worker-0] INFO  o.e.m.c.i.embedder.EclipseLogger - Using 'UTF-8' encoding to copy filtered resources.
2016-07-19 14:36:48,653 [Worker-0] INFO  o.e.m.c.i.embedder.EclipseLogger - skip non existing resourceDirectory C:\Users\tbinks\microservices2016HackDay\workspace\collator\src\main\resources
2016-07-19 14:36:48,653 [Worker-0] INFO  o.e.m.c.i.embedder.EclipseLogger - skip non existing resourceDirectory C:\Users\tbinks\microservices2016HackDay\workspace\collator\src\main\resources
2016-07-19 14:36:48,656 [Worker-0] INFO  o.e.m.c.i.embedder.EclipseLogger - Using 'UTF-8' encoding to copy filtered resources.
2016-07-19 14:36:48,657 [Worker-0] INFO  o.e.m.c.i.embedder.EclipseLogger - skip non existing resourceDirectory C:\Users\tbinks\microservices2016HackDay\workspace\collator\src\test\resources
2016-07-19 14:36:58,624 [Worker-0] INFO  o.e.m.c.i.embedder.EclipseLogger - Using 'UTF-8' encoding to copy filtered resources.
2016-07-19 14:36:58,624 [Worker-0] INFO  o.e.m.c.i.embedder.EclipseLogger - skip non existing resourceDirectory C:\Users\tbinks\microservices2016HackDay\workspace\collator\src\main\resources
2016-07-19 14:36:58,624 [Worker-0] INFO  o.e.m.c.i.embedder.EclipseLogger - skip non existing resourceDirectory C:\Users\tbinks\microservices2016HackDay\workspace\collator\src\main\resources
2016-07-19 14:36:58,627 [Worker-0] INFO  o.e.m.c.i.embedder.EclipseLogger - Using 'UTF-8' encoding to copy filtered resources.
2016-07-19 14:36:58,627 [Worker-0] INFO  o.e.m.c.i.embedder.EclipseLogger - skip non existing resourceDirectory C:\Users\tbinks\microservices2016HackDay\workspace\collator\src\test\resources
2016-07-19 14:43:21,576 [Worker-22] INFO  o.e.m.c.i.embedder.EclipseLogger - Using 'UTF-8' encoding to copy filtered resources.
2016-07-19 14:43:21,577 [Worker-22] INFO  o.e.m.c.i.embedder.EclipseLogger - skip non existing resourceDirectory C:\Users\tbinks\microservices2016HackDay\workspace\collator\src\main\resources
2016-07-19 14:43:21,577 [Worker-22] INFO  o.e.m.c.i.embedder.EclipseLogger - skip non existing resourceDirectory C:\Users\tbinks\microservices2016HackDay\workspace\collator\src\main\resources
2016-07-19 14:43:21,579 [Worker-22] INFO  o.e.m.c.i.embedder.EclipseLogger - Using 'UTF-8' encoding to copy filtered resources.
2016-07-19 14:43:21,579 [Worker-22] INFO  o.e.m.c.i.embedder.EclipseLogger - skip non existing resourceDirectory C:\Users\tbinks\microservices2016HackDay\workspace\collator\src\test\resources
2016-07-19 14:43:22,649 [Worker-23] INFO  o.e.m.c.i.embedder.EclipseLogger - Using 'UTF-8' encoding to copy filtered resources.
2016-07-19 14:43:22,649 [Worker-23] INFO  o.e.m.c.i.embedder.EclipseLogger - skip non existing resourceDirectory C:\Users\tbinks\microservices2016HackDay\workspace\collator\src\main\resources
2016-07-19 14:43:22,649 [Worker-23] INFO  o.e.m.c.i.embedder.EclipseLogger - skip non existing resourceDirectory C:\Users\tbinks\microservices2016HackDay\workspace\collator\src\main\resources
2016-07-19 14:43:22,651 [Worker-23] INFO  o.e.m.c.i.embedder.EclipseLogger - Using 'UTF-8' encoding to copy filtered resources.
2016-07-19 14:43:22,651 [Worker-23] INFO  o.e.m.c.i.embedder.EclipseLogger - skip non existing resourceDirectory C:\Users\tbinks\microservices2016HackDay\workspace\collator\src\test\resources
2016-07-19 14:50:55,280 [Worker-26] INFO  o.e.m.c.i.embedder.EclipseLogger - Using 'UTF-8' encoding to copy filtered resources.
2016-07-19 14:50:55,280 [Worker-26] INFO  o.e.m.c.i.embedder.EclipseLogger - skip non existing resourceDirectory C:\Users\tbinks\microservices2016HackDay\workspace\collator\src\main\resources
2016-07-19 14:50:55,280 [Worker-26] INFO  o.e.m.c.i.embedder.EclipseLogger - skip non existing resourceDirectory C:\Users\tbinks\microservices2016HackDay\workspace\collator\src\main\resources
2016-07-19 14:50:55,281 [Worker-26] INFO  o.e.m.c.i.embedder.EclipseLogger - Using 'UTF-8' encoding to copy filtered resources.
2016-07-19 14:50:55,282 [Worker-26] INFO  o.e.m.c.i.embedder.EclipseLogger - skip non existing resourceDirectory C:\Users\tbinks\microservices2016HackDay\workspace\collator\src\test\resources
2016-07-19 14:57:35,853 [Worker-25] INFO  o.e.m.c.i.embedder.EclipseLogger - Using 'UTF-8' encoding to copy filtered resources.
2016-07-19 14:57:35,854 [Worker-25] INFO  o.e.m.c.i.embedder.EclipseLogger - skip non existing resourceDirectory C:\Users\tbinks\microservices2016HackDay\workspace\collator\src\main\resources
2016-07-19 14:57:35,854 [Worker-25] INFO  o.e.m.c.i.embedder.EclipseLogger - skip non existing resourceDirectory C:\Users\tbinks\microservices2016HackDay\workspace\collator\src\main\resources
2016-07-19 14:57:35,856 [Worker-25] INFO  o.e.m.c.i.embedder.EclipseLogger - Using 'UTF-8' encoding to copy filtered resources.
2016-07-19 14:57:35,857 [Worker-25] INFO  o.e.m.c.i.embedder.EclipseLogger - skip non existing resourceDirectory C:\Users\tbinks\microservices2016HackDay\workspace\collator\src\test\resources
2016-07-19 14:58:03,626 [Worker-25] INFO  o.e.m.c.i.e.AbstractTransferListenerAdapter - Downloading https://repo.maven.apache.org/maven2/org/springframework/spring-core/4.2.5.RELEASE/spring-core-4.2.5.RELEASE-sources.jar
2016-07-19 14:58:04,130 [Worker-25] INFO  o.e.m.c.i.e.AbstractTransferListenerAdapter - Downloaded https://repo.maven.apache.org/maven2/org/springframework/spring-core/4.2.5.RELEASE/spring-core-4.2.5.RELEASE-sources.jar
2016-07-19 14:58:04,623 [Worker-25] INFO  o.e.m.j.internal.DownloadSourcesJob - Downloaded sources for org.springframework:spring-core:4.2.5.RELEASE
2016-07-19 14:58:04,880 [Worker-28] INFO  o.e.m.c.i.embedder.EclipseLogger - Using 'UTF-8' encoding to copy filtered resources.
2016-07-19 14:58:04,880 [Worker-28] INFO  o.e.m.c.i.embedder.EclipseLogger - skip non existing resourceDirectory C:\Users\tbinks\microservices2016HackDay\workspace\collator\src\main\resources
2016-07-19 14:58:04,880 [Worker-28] INFO  o.e.m.c.i.embedder.EclipseLogger - skip non existing resourceDirectory C:\Users\tbinks\microservices2016HackDay\workspace\collator\src\main\resources
2016-07-19 14:58:04,883 [Worker-28] INFO  o.e.m.c.i.embedder.EclipseLogger - Using 'UTF-8' encoding to copy filtered resources.
2016-07-19 14:58:04,883 [Worker-28] INFO  o.e.m.c.i.embedder.EclipseLogger - skip non existing resourceDirectory C:\Users\tbinks\microservices2016HackDay\workspace\collator\src\test\resources
2016-07-19 15:03:01,559 [Worker-20] INFO  o.e.m.c.i.embedder.EclipseLogger - Using 'UTF-8' encoding to copy filtered resources.
2016-07-19 15:03:01,559 [Worker-20] INFO  o.e.m.c.i.embedder.EclipseLogger - skip non existing resourceDirectory C:\Users\tbinks\microservices2016HackDay\workspace\collator\src\main\resources
2016-07-19 15:03:01,559 [Worker-20] INFO  o.e.m.c.i.embedder.EclipseLogger - skip non existing resourceDirectory C:\Users\tbinks\microservices2016HackDay\workspace\collator\src\main\resources
2016-07-19 15:03:01,566 [Worker-20] INFO  o.e.m.c.i.embedder.EclipseLogger - Using 'UTF-8' encoding to copy filtered resources.
2016-07-19 15:03:01,566 [Worker-20] INFO  o.e.m.c.i.embedder.EclipseLogger - skip non existing resourceDirectory C:\Users\tbinks\microservices2016HackDay\workspace\collator\src\test\resources
2016-07-19 15:03:20,780 [Worker-29] INFO  o.e.m.c.i.embedder.EclipseLogger - Using 'UTF-8' encoding to copy filtered resources.
2016-07-19 15:03:20,781 [Worker-29] INFO  o.e.m.c.i.embedder.EclipseLogger - skip non existing resourceDirectory C:\Users\tbinks\microservices2016HackDay\workspace\collator\src\main\resources
2016-07-19 15:03:20,781 [Worker-29] INFO  o.e.m.c.i.embedder.EclipseLogger - skip non existing resourceDirectory C:\Users\tbinks\microservices2016HackDay\workspace\collator\src\main\resources
2016-07-19 15:03:20,783 [Worker-29] INFO  o.e.m.c.i.embedder.EclipseLogger - Using 'UTF-8' encoding to copy filtered resources.
2016-07-19 15:03:20,783 [Worker-29] INFO  o.e.m.c.i.embedder.EclipseLogger - skip non existing resourceDirectory C:\Users\tbinks\microservices2016HackDay\workspace\collator\src\test\resources
2016-07-19 15:03:29,661 [Worker-20] INFO  o.e.m.c.i.embedder.EclipseLogger - Using 'UTF-8' encoding to copy filtered resources.
2016-07-19 15:03:29,662 [Worker-20] INFO  o.e.m.c.i.embedder.EclipseLogger - skip non existing resourceDirectory C:\Users\tbinks\microservices2016HackDay\workspace\collator\src\main\resources
2016-07-19 15:03:29,662 [Worker-20] INFO  o.e.m.c.i.embedder.EclipseLogger - skip non existing resourceDirectory C:\Users\tbinks\microservices2016HackDay\workspace\collator\src\main\resources
2016-07-19 15:03:29,663 [Worker-20] INFO  o.e.m.c.i.embedder.EclipseLogger - Using 'UTF-8' encoding to copy filtered resources.
2016-07-19 15:03:29,664 [Worker-20] INFO  o.e.m.c.i.embedder.EclipseLogger - skip non existing resourceDirectory C:\Users\tbinks\microservices2016HackDay\workspace\collator\src\test\resources
2016-07-19 15:08:32,762 [Worker-0] INFO  o.e.m.c.i.embedder.EclipseLogger - Using 'UTF-8' encoding to copy filtered resources.
2016-07-19 15:08:32,763 [Worker-0] INFO  o.e.m.c.i.embedder.EclipseLogger - skip non existing resourceDirectory C:\Users\tbinks\microservices2016HackDay\workspace\collator\src\main\resources
2016-07-19 15:08:32,763 [Worker-0] INFO  o.e.m.c.i.embedder.EclipseLogger - skip non existing resourceDirectory C:\Users\tbinks\microservices2016HackDay\workspace\collator\src\main\resources
2016-07-19 15:08:32,765 [Worker-0] INFO  o.e.m.c.i.embedder.EclipseLogger - Using 'UTF-8' encoding to copy filtered resources.
2016-07-19 15:08:32,766 [Worker-0] INFO  o.e.m.c.i.embedder.EclipseLogger - skip non existing resourceDirectory C:\Users\tbinks\microservices2016HackDay\workspace\collator\src\test\resources
2016-07-19 15:21:10,480 [Worker-32] INFO  o.e.m.c.i.embedder.EclipseLogger - Using 'UTF-8' encoding to copy filtered resources.
2016-07-19 15:21:10,480 [Worker-32] INFO  o.e.m.c.i.embedder.EclipseLogger - skip non existing resourceDirectory C:\Users\tbinks\microservices2016HackDay\workspace\collator\src\main\resources
2016-07-19 15:21:10,480 [Worker-32] INFO  o.e.m.c.i.embedder.EclipseLogger - skip non existing resourceDirectory C:\Users\tbinks\microservices2016HackDay\workspace\collator\src\main\resources
2016-07-19 15:21:10,483 [Worker-32] INFO  o.e.m.c.i.embedder.EclipseLogger - Using 'UTF-8' encoding to copy filtered resources.
2016-07-19 15:21:10,483 [Worker-32] INFO  o.e.m.c.i.embedder.EclipseLogger - skip non existing resourceDirectory C:\Users\tbinks\microservices2016HackDay\workspace\collator\src\test\resources
2016-07-19 15:21:19,579 [Worker-34] INFO  o.e.m.c.i.embedder.EclipseLogger - Using 'UTF-8' encoding to copy filtered resources.
2016-07-19 15:21:19,580 [Worker-34] INFO  o.e.m.c.i.embedder.EclipseLogger - skip non existing resourceDirectory C:\Users\tbinks\microservices2016HackDay\workspace\collator\src\main\resources
2016-07-19 15:21:19,580 [Worker-34] INFO  o.e.m.c.i.embedder.EclipseLogger - skip non existing resourceDirectory C:\Users\tbinks\microservices2016HackDay\workspace\collator\src\main\resources
2016-07-19 15:21:19,581 [Worker-34] INFO  o.e.m.c.i.embedder.EclipseLogger - Using 'UTF-8' encoding to copy filtered resources.
2016-07-19 15:21:19,582 [Worker-34] INFO  o.e.m.c.i.embedder.EclipseLogger - skip non existing resourceDirectory C:\Users\tbinks\microservices2016HackDay\workspace\collator\src\test\resources
2016-07-19 15:22:48,895 [Worker-32] INFO  o.e.m.c.i.embedder.EclipseLogger - Using 'UTF-8' encoding to copy filtered resources.
2016-07-19 15:22:48,895 [Worker-32] INFO  o.e.m.c.i.embedder.EclipseLogger - skip non existing resourceDirectory C:\Users\tbinks\microservices2016HackDay\workspace\collator\src\main\resources
2016-07-19 15:22:48,895 [Worker-32] INFO  o.e.m.c.i.embedder.EclipseLogger - skip non existing resourceDirectory C:\Users\tbinks\microservices2016HackDay\workspace\collator\src\main\resources
2016-07-19 15:22:48,898 [Worker-32] INFO  o.e.m.c.i.embedder.EclipseLogger - Using 'UTF-8' encoding to copy filtered resources.
2016-07-19 15:22:48,898 [Worker-32] INFO  o.e.m.c.i.embedder.EclipseLogger - skip non existing resourceDirectory C:\Users\tbinks\microservices2016HackDay\workspace\collator\src\test\resources
2016-07-19 15:22:53,729 [Worker-0] INFO  o.e.m.c.i.l.LifecycleMappingFactory - Using org.eclipse.m2e.jdt.JarLifecycleMapping lifecycle mapping for MavenProject: uk.os.skoolvote:collator:1.0-SNAPSHOT @ C:\Users\tbinks\microservices2016HackDay\workspace\collator\pom.xml.
2016-07-19 15:22:54,589 [Worker-0] INFO  o.e.m.c.i.e.AbstractTransferListenerAdapter - Downloading https://repo.maven.apache.org/maven2/com/google/code/gson/gson/1.7.1/gson-1.7.1.pom
2016-07-19 15:22:54,613 [Worker-0] INFO  o.e.m.c.i.e.AbstractTransferListenerAdapter - Downloaded https://repo.maven.apache.org/maven2/com/google/code/gson/gson/1.7.1/gson-1.7.1.pom
2016-07-19 15:22:54,725 [Worker-0] INFO  o.e.m.c.i.e.AbstractTransferListenerAdapter - Downloading https://repo.maven.apache.org/maven2/com/google/code/gson/gson/1.7.1/gson-1.7.1.jar
2016-07-19 15:22:54,853 [Worker-0] INFO  o.e.m.c.i.e.AbstractTransferListenerAdapter - Downloaded https://repo.maven.apache.org/maven2/com/google/code/gson/gson/1.7.1/gson-1.7.1.jar
2016-07-19 15:22:55,859 [Worker-0] INFO  o.e.m.c.i.embedder.EclipseLogger - Using 'UTF-8' encoding to copy filtered resources.
2016-07-19 15:22:55,859 [Worker-0] INFO  o.e.m.c.i.embedder.EclipseLogger - skip non existing resourceDirectory C:\Users\tbinks\microservices2016HackDay\workspace\collator\src\main\resources
2016-07-19 15:22:55,860 [Worker-0] INFO  o.e.m.c.i.embedder.EclipseLogger - skip non existing resourceDirectory C:\Users\tbinks\microservices2016HackDay\workspace\collator\src\main\resources
2016-07-19 15:22:55,865 [Worker-0] INFO  o.e.m.c.i.embedder.EclipseLogger - Using 'UTF-8' encoding to copy filtered resources.
2016-07-19 15:22:55,866 [Worker-0] INFO  o.e.m.c.i.embedder.EclipseLogger - skip non existing resourceDirectory C:\Users\tbinks\microservices2016HackDay\workspace\collator\src\test\resources
2016-07-19 15:22:59,009 [Worker-36] INFO  o.e.m.c.i.embedder.EclipseLogger - Using 'UTF-8' encoding to copy filtered resources.
2016-07-19 15:22:59,010 [Worker-36] INFO  o.e.m.c.i.embedder.EclipseLogger - skip non existing resourceDirectory C:\Users\tbinks\microservices2016HackDay\workspace\collator\src\main\resources
2016-07-19 15:22:59,010 [Worker-36] INFO  o.e.m.c.i.embedder.EclipseLogger - skip non existing resourceDirectory C:\Users\tbinks\microservices2016HackDay\workspace\collator\src\main\resources
2016-07-19 15:22:59,012 [Worker-36] INFO  o.e.m.c.i.embedder.EclipseLogger - Using 'UTF-8' encoding to copy filtered resources.
2016-07-19 15:22:59,013 [Worker-36] INFO  o.e.m.c.i.embedder.EclipseLogger - skip non existing resourceDirectory C:\Users\tbinks\microservices2016HackDay\workspace\collator\src\test\resources
2016-07-19 15:27:02,061 [Worker-28] INFO  o.e.m.c.i.embedder.EclipseLogger - Using 'UTF-8' encoding to copy filtered resources.
2016-07-19 15:27:02,061 [Worker-28] INFO  o.e.m.c.i.embedder.EclipseLogger - skip non existing resourceDirectory C:\Users\tbinks\microservices2016HackDay\workspace\collator\src\main\resources
2016-07-19 15:27:02,061 [Worker-28] INFO  o.e.m.c.i.embedder.EclipseLogger - skip non existing resourceDirectory C:\Users\tbinks\microservices2016HackDay\workspace\collator\src\main\resources
2016-07-19 15:27:02,063 [Worker-28] INFO  o.e.m.c.i.embedder.EclipseLogger - Using 'UTF-8' encoding to copy filtered resources.
2016-07-19 15:27:02,065 [Worker-28] INFO  o.e.m.c.i.embedder.EclipseLogger - skip non existing resourceDirectory C:\Users\tbinks\microservices2016HackDay\workspace\collator\src\test\resources
2016-07-19 15:27:03,118 [Worker-28] INFO  o.e.m.c.i.embedder.EclipseLogger - Using 'UTF-8' encoding to copy filtered resources.
2016-07-19 15:27:03,118 [Worker-28] INFO  o.e.m.c.i.embedder.EclipseLogger - skip non existing resourceDirectory C:\Users\tbinks\microservices2016HackDay\workspace\collator\src\main\resources
2016-07-19 15:27:03,118 [Worker-28] INFO  o.e.m.c.i.embedder.EclipseLogger - skip non existing resourceDirectory C:\Users\tbinks\microservices2016HackDay\workspace\collator\src\main\resources
2016-07-19 15:27:03,120 [Worker-28] INFO  o.e.m.c.i.embedder.EclipseLogger - Using 'UTF-8' encoding to copy filtered resources.
2016-07-19 15:27:03,121 [Worker-28] INFO  o.e.m.c.i.embedder.EclipseLogger - skip non existing resourceDirectory C:\Users\tbinks\microservices2016HackDay\workspace\collator\src\test\resources
2016-07-19 15:27:21,463 [Worker-28] INFO  o.e.m.c.i.embedder.EclipseLogger - Using 'UTF-8' encoding to copy filtered resources.
2016-07-19 15:27:21,463 [Worker-28] INFO  o.e.m.c.i.embedder.EclipseLogger - skip non existing resourceDirectory C:\Users\tbinks\microservices2016HackDay\workspace\collator\src\main\resources
2016-07-19 15:27:21,463 [Worker-28] INFO  o.e.m.c.i.embedder.EclipseLogger - skip non existing resourceDirectory C:\Users\tbinks\microservices2016HackDay\workspace\collator\src\main\resources
2016-07-19 15:27:21,465 [Worker-28] INFO  o.e.m.c.i.embedder.EclipseLogger - Using 'UTF-8' encoding to copy filtered resources.
2016-07-19 15:27:21,465 [Worker-28] INFO  o.e.m.c.i.embedder.EclipseLogger - skip non existing resourceDirectory C:\Users\tbinks\microservices2016HackDay\workspace\collator\src\test\resources
2016-07-19 15:28:47,426 [Worker-37] INFO  o.e.m.c.i.embedder.EclipseLogger - Using 'UTF-8' encoding to copy filtered resources.
2016-07-19 15:28:47,427 [Worker-37] INFO  o.e.m.c.i.embedder.EclipseLogger - skip non existing resourceDirectory C:\Users\tbinks\microservices2016HackDay\workspace\collator\src\main\resources
2016-07-19 15:28:47,427 [Worker-37] INFO  o.e.m.c.i.embedder.EclipseLogger - skip non existing resourceDirectory C:\Users\tbinks\microservices2016HackDay\workspace\collator\src\main\resources
2016-07-19 15:28:47,429 [Worker-37] INFO  o.e.m.c.i.embedder.EclipseLogger - Using 'UTF-8' encoding to copy filtered resources.
2016-07-19 15:28:47,429 [Worker-37] INFO  o.e.m.c.i.embedder.EclipseLogger - skip non existing resourceDirectory C:\Users\tbinks\microservices2016HackDay\workspace\collator\src\test\resources
2016-07-19 15:32:49,123 [Worker-38] INFO  o.e.m.c.i.embedder.EclipseLogger - Using 'UTF-8' encoding to copy filtered resources.
2016-07-19 15:32:49,123 [Worker-38] INFO  o.e.m.c.i.embedder.EclipseLogger - skip non existing resourceDirectory C:\Users\tbinks\microservices2016HackDay\workspace\collator\src\main\resources
2016-07-19 15:32:49,123 [Worker-38] INFO  o.e.m.c.i.embedder.EclipseLogger - skip non existing resourceDirectory C:\Users\tbinks\microservices2016HackDay\workspace\collator\src\main\resources
2016-07-19 15:32:49,125 [Worker-38] INFO  o.e.m.c.i.embedder.EclipseLogger - Using 'UTF-8' encoding to copy filtered resources.
2016-07-19 15:32:49,126 [Worker-38] INFO  o.e.m.c.i.embedder.EclipseLogger - skip non existing resourceDirectory C:\Users\tbinks\microservices2016HackDay\workspace\collator\src\test\resources
2016-07-19 15:33:00,468 [Worker-38] INFO  o.e.m.c.i.embedder.EclipseLogger - Using 'UTF-8' encoding to copy filtered resources.
2016-07-19 15:33:00,468 [Worker-38] INFO  o.e.m.c.i.embedder.EclipseLogger - skip non existing resourceDirectory C:\Users\tbinks\microservices2016HackDay\workspace\collator\src\main\resources
2016-07-19 15:33:00,468 [Worker-38] INFO  o.e.m.c.i.embedder.EclipseLogger - skip non existing resourceDirectory C:\Users\tbinks\microservices2016HackDay\workspace\collator\src\main\resources
2016-07-19 15:33:00,470 [Worker-38] INFO  o.e.m.c.i.embedder.EclipseLogger - Using 'UTF-8' encoding to copy filtered resources.
2016-07-19 15:33:00,471 [Worker-38] INFO  o.e.m.c.i.embedder.EclipseLogger - skip non existing resourceDirectory C:\Users\tbinks\microservices2016HackDay\workspace\collator\src\test\resources
2016-07-19 15:35:48,501 [Worker-0] INFO  o.e.m.c.i.embedder.EclipseLogger - Using 'UTF-8' encoding to copy filtered resources.
2016-07-19 15:35:48,501 [Worker-0] INFO  o.e.m.c.i.embedder.EclipseLogger - skip non existing resourceDirectory C:\Users\tbinks\microservices2016HackDay\workspace\collator\src\main\resources
2016-07-19 15:35:48,502 [Worker-0] INFO  o.e.m.c.i.embedder.EclipseLogger - skip non existing resourceDirectory C:\Users\tbinks\microservices2016HackDay\workspace\collator\src\main\resources
2016-07-19 15:35:48,503 [Worker-0] INFO  o.e.m.c.i.embedder.EclipseLogger - Using 'UTF-8' encoding to copy filtered resources.
2016-07-19 15:35:48,503 [Worker-0] INFO  o.e.m.c.i.embedder.EclipseLogger - skip non existing resourceDirectory C:\Users\tbinks\microservices2016HackDay\workspace\collator\src\test\resources
2016-07-19 15:36:41,743 [Worker-38] INFO  o.e.m.c.i.embedder.EclipseLogger - Using 'UTF-8' encoding to copy filtered resources.
2016-07-19 15:36:41,743 [Worker-38] INFO  o.e.m.c.i.embedder.EclipseLogger - skip non existing resourceDirectory C:\Users\tbinks\microservices2016HackDay\workspace\collator\src\main\resources
2016-07-19 15:36:41,743 [Worker-38] INFO  o.e.m.c.i.embedder.EclipseLogger - skip non existing resourceDirectory C:\Users\tbinks\microservices2016HackDay\workspace\collator\src\main\resources
2016-07-19 15:36:41,745 [Worker-38] INFO  o.e.m.c.i.embedder.EclipseLogger - Using 'UTF-8' encoding to copy filtered resources.
2016-07-19 15:36:41,746 [Worker-38] INFO  o.e.m.c.i.embedder.EclipseLogger - skip non existing resourceDirectory C:\Users\tbinks\microservices2016HackDay\workspace\collator\src\test\resources
2016-07-19 15:37:06,000 [Worker-36] INFO  o.e.m.c.i.embedder.EclipseLogger - Using 'UTF-8' encoding to copy filtered resources.
2016-07-19 15:37:06,001 [Worker-36] INFO  o.e.m.c.i.embedder.EclipseLogger - skip non existing resourceDirectory C:\Users\tbinks\microservices2016HackDay\workspace\collator\src\main\resources
2016-07-19 15:37:06,001 [Worker-36] INFO  o.e.m.c.i.embedder.EclipseLogger - skip non existing resourceDirectory C:\Users\tbinks\microservices2016HackDay\workspace\collator\src\main\resources
2016-07-19 15:37:06,003 [Worker-36] INFO  o.e.m.c.i.embedder.EclipseLogger - Using 'UTF-8' encoding to copy filtered resources.
2016-07-19 15:37:06,003 [Worker-36] INFO  o.e.m.c.i.embedder.EclipseLogger - skip non existing resourceDirectory C:\Users\tbinks\microservices2016HackDay\workspace\collator\src\test\resources
2016-07-19 15:37:08,999 [Worker-0] INFO  o.e.m.c.i.embedder.EclipseLogger - Using 'UTF-8' encoding to copy filtered resources.
2016-07-19 15:37:08,999 [Worker-0] INFO  o.e.m.c.i.embedder.EclipseLogger - skip non existing resourceDirectory C:\Users\tbinks\microservices2016HackDay\workspace\collator\src\main\resources
2016-07-19 15:37:08,999 [Worker-0] INFO  o.e.m.c.i.embedder.EclipseLogger - skip non existing resourceDirectory C:\Users\tbinks\microservices2016HackDay\workspace\collator\src\main\resources
2016-07-19 15:37:09,001 [Worker-0] INFO  o.e.m.c.i.embedder.EclipseLogger - Using 'UTF-8' encoding to copy filtered resources.
2016-07-19 15:37:09,001 [Worker-0] INFO  o.e.m.c.i.embedder.EclipseLogger - skip non existing resourceDirectory C:\Users\tbinks\microservices2016HackDay\workspace\collator\src\test\resources
2016-07-19 15:38:06,789 [Worker-32] INFO  o.e.m.c.i.embedder.EclipseLogger - Using 'UTF-8' encoding to copy filtered resources.
2016-07-19 15:38:06,789 [Worker-32] INFO  o.e.m.c.i.embedder.EclipseLogger - skip non existing resourceDirectory C:\Users\tbinks\microservices2016HackDay\workspace\collator\src\main\resources
2016-07-19 15:38:06,789 [Worker-32] INFO  o.e.m.c.i.embedder.EclipseLogger - skip non existing resourceDirectory C:\Users\tbinks\microservices2016HackDay\workspace\collator\src\main\resources
2016-07-19 15:38:06,791 [Worker-32] INFO  o.e.m.c.i.embedder.EclipseLogger - Using 'UTF-8' encoding to copy filtered resources.
2016-07-19 15:38:06,792 [Worker-32] INFO  o.e.m.c.i.embedder.EclipseLogger - skip non existing resourceDirectory C:\Users\tbinks\microservices2016HackDay\workspace\collator\src\test\resources
2016-07-19 15:38:31,134 [Worker-33] INFO  o.e.m.c.i.embedder.EclipseLogger - Using 'UTF-8' encoding to copy filtered resources.
2016-07-19 15:38:31,134 [Worker-33] INFO  o.e.m.c.i.embedder.EclipseLogger - skip non existing resourceDirectory C:\Users\tbinks\microservices2016HackDay\workspace\collator\src\main\resources
2016-07-19 15:38:31,134 [Worker-33] INFO  o.e.m.c.i.embedder.EclipseLogger - skip non existing resourceDirectory C:\Users\tbinks\microservices2016HackDay\workspace\collator\src\main\resources
2016-07-19 15:38:31,136 [Worker-33] INFO  o.e.m.c.i.embedder.EclipseLogger - Using 'UTF-8' encoding to copy filtered resources.
2016-07-19 15:38:31,136 [Worker-33] INFO  o.e.m.c.i.embedder.EclipseLogger - skip non existing resourceDirectory C:\Users\tbinks\microservices2016HackDay\workspace\collator\src\test\resources
2016-07-19 15:46:59,339 [Worker-38] INFO  o.e.m.c.i.embedder.EclipseLogger - Using 'UTF-8' encoding to copy filtered resources.
2016-07-19 15:46:59,339 [Worker-38] INFO  o.e.m.c.i.embedder.EclipseLogger - skip non existing resourceDirectory C:\Users\tbinks\microservices2016HackDay\workspace\collator\src\main\resources
2016-07-19 15:46:59,339 [Worker-38] INFO  o.e.m.c.i.embedder.EclipseLogger - skip non existing resourceDirectory C:\Users\tbinks\microservices2016HackDay\workspace\collator\src\main\resources
2016-07-19 15:46:59,340 [Worker-38] INFO  o.e.m.c.i.embedder.EclipseLogger - Using 'UTF-8' encoding to copy filtered resources.
2016-07-19 15:46:59,340 [Worker-38] INFO  o.e.m.c.i.embedder.EclipseLogger - skip non existing resourceDirectory C:\Users\tbinks\microservices2016HackDay\workspace\collator\src\test\resources
2016-07-19 15:48:28,367 [Worker-32] INFO  o.e.m.c.i.embedder.EclipseLogger - Using 'UTF-8' encoding to copy filtered resources.
2016-07-19 15:48:28,367 [Worker-32] INFO  o.e.m.c.i.embedder.EclipseLogger - skip non existing resourceDirectory C:\Users\tbinks\microservices2016HackDay\workspace\collator\src\main\resources
2016-07-19 15:48:28,368 [Worker-32] INFO  o.e.m.c.i.embedder.EclipseLogger - skip non existing resourceDirectory C:\Users\tbinks\microservices2016HackDay\workspace\collator\src\main\resources
2016-07-19 15:48:28,370 [Worker-32] INFO  o.e.m.c.i.embedder.EclipseLogger - Using 'UTF-8' encoding to copy filtered resources.
2016-07-19 15:48:28,370 [Worker-32] INFO  o.e.m.c.i.embedder.EclipseLogger - skip non existing resourceDirectory C:\Users\tbinks\microservices2016HackDay\workspace\collator\src\test\resources
2016-07-19 15:49:34,188 [Worker-36] INFO  o.e.m.c.i.embedder.EclipseLogger - Using 'UTF-8' encoding to copy filtered resources.
2016-07-19 15:49:34,188 [Worker-36] INFO  o.e.m.c.i.embedder.EclipseLogger - skip non existing resourceDirectory C:\Users\tbinks\microservices2016HackDay\workspace\collator\src\main\resources
2016-07-19 15:49:34,189 [Worker-36] INFO  o.e.m.c.i.embedder.EclipseLogger - skip non existing resourceDirectory C:\Users\tbinks\microservices2016HackDay\workspace\collator\src\main\resources
2016-07-19 15:49:34,191 [Worker-36] INFO  o.e.m.c.i.embedder.EclipseLogger - Using 'UTF-8' encoding to copy filtered resources.
2016-07-19 15:49:34,191 [Worker-36] INFO  o.e.m.c.i.embedder.EclipseLogger - skip non existing resourceDirectory C:\Users\tbinks\microservices2016HackDay\workspace\collator\src\test\resources
2016-07-19 15:50:15,090 [Worker-32] INFO  o.e.m.c.i.embedder.EclipseLogger - Using 'UTF-8' encoding to copy filtered resources.
2016-07-19 15:50:15,091 [Worker-32] INFO  o.e.m.c.i.embedder.EclipseLogger - skip non existing resourceDirectory C:\Users\tbinks\microservices2016HackDay\workspace\collator\src\main\resources
2016-07-19 15:50:15,091 [Worker-32] INFO  o.e.m.c.i.embedder.EclipseLogger - skip non existing resourceDirectory C:\Users\tbinks\microservices2016HackDay\workspace\collator\src\main\resources
2016-07-19 15:50:15,092 [Worker-32] INFO  o.e.m.c.i.embedder.EclipseLogger - Using 'UTF-8' encoding to copy filtered resources.
2016-07-19 15:50:15,093 [Worker-32] INFO  o.e.m.c.i.embedder.EclipseLogger - skip non existing resourceDirectory C:\Users\tbinks\microservices2016HackDay\workspace\collator\src\test\resources
2016-07-19 15:54:53,441 [Worker-39] INFO  o.e.m.c.i.embedder.EclipseLogger - Using 'UTF-8' encoding to copy filtered resources.
2016-07-19 15:54:53,441 [Worker-39] INFO  o.e.m.c.i.embedder.EclipseLogger - skip non existing resourceDirectory C:\Users\tbinks\microservices2016HackDay\workspace\collator\src\main\resources
2016-07-19 15:54:53,441 [Worker-39] INFO  o.e.m.c.i.embedder.EclipseLogger - skip non existing resourceDirectory C:\Users\tbinks\microservices2016HackDay\workspace\collator\src\main\resources
2016-07-19 15:54:53,442 [Worker-39] INFO  o.e.m.c.i.embedder.EclipseLogger - Using 'UTF-8' encoding to copy filtered resources.
2016-07-19 15:54:53,443 [Worker-39] INFO  o.e.m.c.i.embedder.EclipseLogger - skip non existing resourceDirectory C:\Users\tbinks\microservices2016HackDay\workspace\collator\src\test\resources
2016-07-19 15:57:44,665 [Worker-33] INFO  o.e.m.c.i.embedder.EclipseLogger - Using 'UTF-8' encoding to copy filtered resources.
2016-07-19 15:57:44,665 [Worker-33] INFO  o.e.m.c.i.embedder.EclipseLogger - skip non existing resourceDirectory C:\Users\tbinks\microservices2016HackDay\workspace\collator\src\main\resources
2016-07-19 15:57:44,666 [Worker-33] INFO  o.e.m.c.i.embedder.EclipseLogger - skip non existing resourceDirectory C:\Users\tbinks\microservices2016HackDay\workspace\collator\src\main\resources
2016-07-19 15:57:44,667 [Worker-33] INFO  o.e.m.c.i.embedder.EclipseLogger - Using 'UTF-8' encoding to copy filtered resources.
2016-07-19 15:57:44,667 [Worker-33] INFO  o.e.m.c.i.embedder.EclipseLogger - skip non existing resourceDirectory C:\Users\tbinks\microservices2016HackDay\workspace\collator\src\test\resources
2016-07-19 15:58:51,413 [Worker-33] INFO  o.e.m.c.i.embedder.EclipseLogger - Using 'UTF-8' encoding to copy filtered resources.
2016-07-19 15:58:51,413 [Worker-33] INFO  o.e.m.c.i.embedder.EclipseLogger - skip non existing resourceDirectory C:\Users\tbinks\microservices2016HackDay\workspace\collator\src\main\resources
2016-07-19 15:58:51,413 [Worker-33] INFO  o.e.m.c.i.embedder.EclipseLogger - skip non existing resourceDirectory C:\Users\tbinks\microservices2016HackDay\workspace\collator\src\main\resources
2016-07-19 15:58:51,414 [Worker-33] INFO  o.e.m.c.i.embedder.EclipseLogger - Using 'UTF-8' encoding to copy filtered resources.
2016-07-19 15:58:51,415 [Worker-33] INFO  o.e.m.c.i.embedder.EclipseLogger - skip non existing resourceDirectory C:\Users\tbinks\microservices2016HackDay\workspace\collator\src\test\resources
2016-07-19 15:59:05,012 [Worker-41] INFO  o.e.m.c.i.embedder.EclipseLogger - Using 'UTF-8' encoding to copy filtered resources.
2016-07-19 15:59:05,016 [Worker-41] INFO  o.e.m.c.i.embedder.EclipseLogger - skip non existing resourceDirectory C:\Users\tbinks\microservices2016HackDay\workspace\collator\src\main\resources
2016-07-19 15:59:05,016 [Worker-41] INFO  o.e.m.c.i.embedder.EclipseLogger - skip non existing resourceDirectory C:\Users\tbinks\microservices2016HackDay\workspace\collator\src\main\resources
2016-07-19 15:59:05,018 [Worker-41] INFO  o.e.m.c.i.embedder.EclipseLogger - Using 'UTF-8' encoding to copy filtered resources.
2016-07-19 15:59:05,023 [Worker-41] INFO  o.e.m.c.i.embedder.EclipseLogger - skip non existing resourceDirectory C:\Users\tbinks\microservices2016HackDay\workspace\collator\src\test\resources
2016-07-19 16:00:47,242 [Worker-40] INFO  o.e.m.c.i.embedder.EclipseLogger - Using 'UTF-8' encoding to copy filtered resources.
2016-07-19 16:00:47,242 [Worker-40] INFO  o.e.m.c.i.embedder.EclipseLogger - skip non existing resourceDirectory C:\Users\tbinks\microservices2016HackDay\workspace\collator\src\main\resources
2016-07-19 16:00:47,243 [Worker-40] INFO  o.e.m.c.i.embedder.EclipseLogger - skip non existing resourceDirectory C:\Users\tbinks\microservices2016HackDay\workspace\collator\src\main\resources
2016-07-19 16:00:47,245 [Worker-40] INFO  o.e.m.c.i.embedder.EclipseLogger - Using 'UTF-8' encoding to copy filtered resources.
2016-07-19 16:00:47,245 [Worker-40] INFO  o.e.m.c.i.embedder.EclipseLogger - skip non existing resourceDirectory C:\Users\tbinks\microservices2016HackDay\workspace\collator\src\test\resources
2016-07-19 16:01:17,808 [Worker-0] INFO  o.e.m.c.i.embedder.EclipseLogger - Using 'UTF-8' encoding to copy filtered resources.
2016-07-19 16:01:17,808 [Worker-0] INFO  o.e.m.c.i.embedder.EclipseLogger - skip non existing resourceDirectory C:\Users\tbinks\microservices2016HackDay\workspace\collator\src\main\resources
2016-07-19 16:01:17,808 [Worker-0] INFO  o.e.m.c.i.embedder.EclipseLogger - skip non existing resourceDirectory C:\Users\tbinks\microservices2016HackDay\workspace\collator\src\main\resources
2016-07-19 16:01:17,809 [Worker-0] INFO  o.e.m.c.i.embedder.EclipseLogger - Using 'UTF-8' encoding to copy filtered resources.
2016-07-19 16:01:17,810 [Worker-0] INFO  o.e.m.c.i.embedder.EclipseLogger - skip non existing resourceDirectory C:\Users\tbinks\microservices2016HackDay\workspace\collator\src\test\resources
2016-07-19 16:01:22,310 [Worker-40] INFO  o.e.m.c.i.embedder.EclipseLogger - Using 'UTF-8' encoding to copy filtered resources.
2016-07-19 16:01:22,311 [Worker-40] INFO  o.e.m.c.i.embedder.EclipseLogger - skip non existing resourceDirectory C:\Users\tbinks\microservices2016HackDay\workspace\collator\src\main\resources
2016-07-19 16:01:22,311 [Worker-40] INFO  o.e.m.c.i.embedder.EclipseLogger - skip non existing resourceDirectory C:\Users\tbinks\microservices2016HackDay\workspace\collator\src\main\resources
2016-07-19 16:01:22,313 [Worker-40] INFO  o.e.m.c.i.embedder.EclipseLogger - Using 'UTF-8' encoding to copy filtered resources.
2016-07-19 16:01:22,313 [Worker-40] INFO  o.e.m.c.i.embedder.EclipseLogger - skip non existing resourceDirectory C:\Users\tbinks\microservices2016HackDay\workspace\collator\src\test\resources
2016-07-19 16:01:32,432 [Worker-39] INFO  o.e.m.c.i.embedder.EclipseLogger - Using 'UTF-8' encoding to copy filtered resources.
2016-07-19 16:01:32,433 [Worker-39] INFO  o.e.m.c.i.embedder.EclipseLogger - skip non existing resourceDirectory C:\Users\tbinks\microservices2016HackDay\workspace\collator\src\main\resources
2016-07-19 16:01:32,433 [Worker-39] INFO  o.e.m.c.i.embedder.EclipseLogger - skip non existing resourceDirectory C:\Users\tbinks\microservices2016HackDay\workspace\collator\src\main\resources
2016-07-19 16:01:32,434 [Worker-39] INFO  o.e.m.c.i.embedder.EclipseLogger - Using 'UTF-8' encoding to copy filtered resources.
2016-07-19 16:01:32,434 [Worker-39] INFO  o.e.m.c.i.embedder.EclipseLogger - skip non existing resourceDirectory C:\Users\tbinks\microservices2016HackDay\workspace\collator\src\test\resources
2016-07-19 16:01:35,803 [Worker-40] INFO  o.e.m.c.i.embedder.EclipseLogger - Using 'UTF-8' encoding to copy filtered resources.
2016-07-19 16:01:35,803 [Worker-40] INFO  o.e.m.c.i.embedder.EclipseLogger - skip non existing resourceDirectory C:\Users\tbinks\microservices2016HackDay\workspace\collator\src\main\resources
2016-07-19 16:01:35,803 [Worker-40] INFO  o.e.m.c.i.embedder.EclipseLogger - skip non existing resourceDirectory C:\Users\tbinks\microservices2016HackDay\workspace\collator\src\main\resources
2016-07-19 16:01:35,805 [Worker-40] INFO  o.e.m.c.i.embedder.EclipseLogger - Using 'UTF-8' encoding to copy filtered resources.
2016-07-19 16:01:35,805 [Worker-40] INFO  o.e.m.c.i.embedder.EclipseLogger - skip non existing resourceDirectory C:\Users\tbinks\microservices2016HackDay\workspace\collator\src\test\resources
2016-07-19 16:02:59,546 [Worker-41] INFO  o.e.m.c.i.embedder.EclipseLogger - Using 'UTF-8' encoding to copy filtered resources.
2016-07-19 16:02:59,547 [Worker-41] INFO  o.e.m.c.i.embedder.EclipseLogger - skip non existing resourceDirectory C:\Users\tbinks\microservices2016HackDay\workspace\collator\src\main\resources
2016-07-19 16:02:59,547 [Worker-41] INFO  o.e.m.c.i.embedder.EclipseLogger - skip non existing resourceDirectory C:\Users\tbinks\microservices2016HackDay\workspace\collator\src\main\resources
2016-07-19 16:02:59,549 [Worker-41] INFO  o.e.m.c.i.embedder.EclipseLogger - Using 'UTF-8' encoding to copy filtered resources.
2016-07-19 16:02:59,549 [Worker-41] INFO  o.e.m.c.i.embedder.EclipseLogger - skip non existing resourceDirectory C:\Users\tbinks\microservices2016HackDay\workspace\collator\src\test\resources
2016-07-19 16:03:37,450 [Worker-42] INFO  o.e.m.c.i.embedder.EclipseLogger - Using 'UTF-8' encoding to copy filtered resources.
2016-07-19 16:03:37,450 [Worker-42] INFO  o.e.m.c.i.embedder.EclipseLogger - skip non existing resourceDirectory C:\Users\tbinks\microservices2016HackDay\workspace\collator\src\main\resources
2016-07-19 16:03:37,451 [Worker-42] INFO  o.e.m.c.i.embedder.EclipseLogger - skip non existing resourceDirectory C:\Users\tbinks\microservices2016HackDay\workspace\collator\src\main\resources
2016-07-19 16:03:37,453 [Worker-42] INFO  o.e.m.c.i.embedder.EclipseLogger - Using 'UTF-8' encoding to copy filtered resources.
2016-07-19 16:03:37,453 [Worker-42] INFO  o.e.m.c.i.embedder.EclipseLogger - skip non existing resourceDirectory C:\Users\tbinks\microservices2016HackDay\workspace\collator\src\test\resources
2016-07-19 16:03:45,891 [Worker-32] INFO  o.e.m.c.i.embedder.EclipseLogger - Using 'UTF-8' encoding to copy filtered resources.
2016-07-19 16:03:45,891 [Worker-32] INFO  o.e.m.c.i.embedder.EclipseLogger - skip non existing resourceDirectory C:\Users\tbinks\microservices2016HackDay\workspace\collator\src\main\resources
2016-07-19 16:03:45,892 [Worker-32] INFO  o.e.m.c.i.embedder.EclipseLogger - skip non existing resourceDirectory C:\Users\tbinks\microservices2016HackDay\workspace\collator\src\main\resources
2016-07-19 16:03:45,893 [Worker-32] INFO  o.e.m.c.i.embedder.EclipseLogger - Using 'UTF-8' encoding to copy filtered resources.
2016-07-19 16:03:45,894 [Worker-32] INFO  o.e.m.c.i.embedder.EclipseLogger - skip non existing resourceDirectory C:\Users\tbinks\microservices2016HackDay\workspace\collator\src\test\resources
2016-07-19 16:14:01,628 [Worker-39] INFO  o.e.m.c.i.embedder.EclipseLogger - Using 'UTF-8' encoding to copy filtered resources.
2016-07-19 16:14:01,628 [Worker-39] INFO  o.e.m.c.i.embedder.EclipseLogger - skip non existing resourceDirectory C:\Users\tbinks\microservices2016HackDay\workspace\collator\src\main\resources
2016-07-19 16:14:01,628 [Worker-39] INFO  o.e.m.c.i.embedder.EclipseLogger - skip non existing resourceDirectory C:\Users\tbinks\microservices2016HackDay\workspace\collator\src\main\resources
2016-07-19 16:14:01,629 [Worker-39] INFO  o.e.m.c.i.embedder.EclipseLogger - Using 'UTF-8' encoding to copy filtered resources.
2016-07-19 16:14:01,630 [Worker-39] INFO  o.e.m.c.i.embedder.EclipseLogger - skip non existing resourceDirectory C:\Users\tbinks\microservices2016HackDay\workspace\collator\src\test\resources
